Using pre-set license
Built from '2022.3/release' branch; Version is '2022.3.0f1 (fb119bb0b476) revision 16454043'; Using compiler version '192829333'; Build Type 'Release'
OS: 'Windows 11  (10.0.22621) 64bit Core' Language: 'it' Physical Memory: 32472 MB
BatchMode: 1, IsHumanControllingUs: 0, StartBugReporterOnCrash: 0, Is64bit: 1, IsPro: 1

COMMAND LINE ARGUMENTS:
C:\Program Files\Unity\Hub\Editor\2022.3.0f1\Editor\Unity.exe
-adb2
-batchMode
-noUpm
-name
AssetImportWorker17
-projectPath
C:/Users/Andrea Stelliferi/Documents/GitHub/FPAIV2023/Pro Shoot'o Survive
-logFile
Logs/AssetImportWorker17.log
-srvPort
61804
Successfully changed project path to: C:/Users/Andrea Stelliferi/Documents/GitHub/FPAIV2023/Pro Shoot'o Survive
C:/Users/Andrea Stelliferi/Documents/GitHub/FPAIV2023/Pro Shoot'o Survive
[UnityMemory] Configuration Parameters - Can be set up in boot.config
    "memorysetup-bucket-allocator-granularity=16"
    "memorysetup-bucket-allocator-bucket-count=8"
    "memorysetup-bucket-allocator-block-size=33554432"
    "memorysetup-bucket-allocator-block-count=8"
    "memorysetup-main-allocator-block-size=16777216"
    "memorysetup-thread-allocator-block-size=16777216"
    "memorysetup-gfx-main-allocator-block-size=16777216"
    "memorysetup-gfx-thread-allocator-block-size=16777216"
    "memorysetup-cache-allocator-block-size=4194304"
    "memorysetup-typetree-allocator-block-size=2097152"
    "memorysetup-profiler-bucket-allocator-granularity=16"
    "memorysetup-profiler-bucket-allocator-bucket-count=8"
    "memorysetup-profiler-bucket-allocator-block-size=33554432"
    "memorysetup-profiler-bucket-allocator-block-count=8"
    "memorysetup-profiler-allocator-block-size=16777216"
    "memorysetup-profiler-editor-allocator-block-size=1048576"
    "memorysetup-temp-allocator-size-main=16777216"
    "memorysetup-job-temp-allocator-block-size=2097152"
    "memorysetup-job-temp-allocator-block-size-background=1048576"
    "memorysetup-job-temp-allocator-reduction-small-platforms=262144"
    "memorysetup-allocator-temp-initial-block-size-main=262144"
    "memorysetup-allocator-temp-initial-block-size-worker=262144"
    "memorysetup-temp-allocator-size-background-worker=32768"
    "memorysetup-temp-allocator-size-job-worker=262144"
    "memorysetup-temp-allocator-size-preload-manager=33554432"
    "memorysetup-temp-allocator-size-nav-mesh-worker=65536"
    "memorysetup-temp-allocator-size-audio-worker=65536"
    "memorysetup-temp-allocator-size-cloud-worker=32768"
    "memorysetup-temp-allocator-size-gi-baking-worker=262144"
    "memorysetup-temp-allocator-size-gfx=262144"
Player connection [19800] Host "[IP] 192.168.1.36 [Port] 0 [Flags] 2 [Guid] 2864997961 [EditorId] 2864997961 [Version] 1048832 [Id] WindowsEditor(7,MSI) [Debug] 1 [PackageName] WindowsEditor [ProjectName] Editor" joined multi-casting on [225.0.0.222:54997]...

Player connection [19800] Host "[IP] 192.168.1.36 [Port] 0 [Flags] 2 [Guid] 2864997961 [EditorId] 2864997961 [Version] 1048832 [Id] WindowsEditor(7,MSI) [Debug] 1 [PackageName] WindowsEditor [ProjectName] Editor" joined alternative multi-casting on [225.0.0.222:34997]...

Refreshing native plugins compatible for Editor in 7.82 ms, found 3 plugins.
Preloading 0 native plugins for Editor in 0.00 ms.
Initialize engine version: 2022.3.0f1 (fb119bb0b476)
[Subsystems] Discovering subsystems at path C:/Program Files/Unity/Hub/Editor/2022.3.0f1/Editor/Data/Resources/UnitySubsystems
[Subsystems] Discovering subsystems at path C:/Users/Andrea Stelliferi/Documents/GitHub/FPAIV2023/Pro Shoot'o Survive/Assets
GfxDevice: creating device client; threaded=0; jobified=0
Direct3D:
    Version:  Direct3D 11.0 [level 11.1]
    Renderer: NVIDIA GeForce RTX 3080 Laptop GPU (ID=0x249c)
    Vendor:   NVIDIA
    VRAM:     8031 MB
    Driver:   31.0.15.3598
Initialize mono
Mono path[0] = 'C:/Program Files/Unity/Hub/Editor/2022.3.0f1/Editor/Data/Managed'
Mono path[1] = 'C:/Program Files/Unity/Hub/Editor/2022.3.0f1/Editor/Data/MonoBleedingEdge/lib/mono/unityjit-win32'
Mono config path = 'C:/Program Files/Unity/Hub/Editor/2022.3.0f1/Editor/Data/MonoBleedingEdge/etc'
Using monoOptions --debugger-agent=transport=dt_socket,embedding=1,server=y,suspend=n,address=127.0.0.1:56008
Begin MonoManager ReloadAssembly
Registering precompiled unity dll's ...
Register platform support module: C:/Program Files/Unity/Hub/Editor/2022.3.0f1/Editor/Data/PlaybackEngines/WindowsStandaloneSupport/UnityEditor.WindowsStandalone.Extensions.dll
Registered in 0.007474 seconds.
- Loaded All Assemblies, in  0.308 seconds
Native extension for WindowsStandalone target not found
Mono: successfully reloaded assembly
- Finished resetting the current domain, in  0.260 seconds
Domain Reload Profiling: 568ms
	BeginReloadAssembly (79ms)
		ExecutionOrderSort (0ms)
		DisableScriptedObjects (0ms)
		BackupInstance (0ms)
		ReleaseScriptingObjects (0ms)
		CreateAndSetChildDomain (1ms)
	RebuildCommonClasses (32ms)
	RebuildNativeTypeToScriptingClass (8ms)
	initialDomainReloadingComplete (55ms)
	LoadAllAssembliesAndSetupDomain (133ms)
		LoadAssemblies (77ms)
		RebuildTransferFunctionScriptingTraits (0ms)
		AnalyzeDomain (129ms)
			TypeCache.Refresh (128ms)
				TypeCache.ScanAssembly (117ms)
			ScanForSourceGeneratedMonoScriptInfo (0ms)
			ResolveRequiredComponents (0ms)
	FinalizeReload (261ms)
		ReleaseScriptCaches (0ms)
		RebuildScriptCaches (0ms)
		SetupLoadedEditorAssemblies (197ms)
			LogAssemblyErrors (0ms)
			InitializePlatformSupportModulesInManaged (8ms)
			SetLoadedEditorAssemblies (7ms)
			RefreshPlugins (0ms)
			BeforeProcessingInitializeOnLoad (2ms)
			ProcessInitializeOnLoadAttributes (132ms)
			ProcessInitializeOnLoadMethodAttributes (48ms)
			AfterProcessingInitializeOnLoad (0ms)
			EditorAssembliesLoaded (0ms)
		ExecutionOrderSort2 (0ms)
		AwakeInstancesAfterBackupRestoration (0ms)
========================================================================
Worker process is ready to serve import requests
Begin MonoManager ReloadAssembly
Symbol file LoadedFromMemory doesn't match image C:\Users\Andrea Stelliferi\Documents\GitHub\FPAIV2023\Pro Shoot'o Survive\Library\PackageCache\com.unity.visualscripting@1.8.0\Editor\VisualScripting.Core\Dependencies\YamlDotNet\Unity.VisualScripting.YamlDotNet.dll
Symbol file LoadedFromMemory doesn't match image C:\Users\Andrea Stelliferi\Documents\GitHub\FPAIV2023\Pro Shoot'o Survive\Library\PackageCache\com.unity.visualscripting@1.8.0\Editor\VisualScripting.Core\Dependencies\DotNetZip\Unity.VisualScripting.IonicZip.dll
- Loaded All Assemblies, in  0.722 seconds
Refreshing native plugins compatible for Editor in 3.85 ms, found 3 plugins.
Native extension for WindowsStandalone target not found
Mono: successfully reloaded assembly
- Finished resetting the current domain, in  0.638 seconds
Domain Reload Profiling: 1358ms
	BeginReloadAssembly (122ms)
		ExecutionOrderSort (0ms)
		DisableScriptedObjects (5ms)
		BackupInstance (0ms)
		ReleaseScriptingObjects (0ms)
		CreateAndSetChildDomain (24ms)
	RebuildCommonClasses (31ms)
	RebuildNativeTypeToScriptingClass (9ms)
	initialDomainReloadingComplete (42ms)
	LoadAllAssembliesAndSetupDomain (516ms)
		LoadAssemblies (273ms)
		RebuildTransferFunctionScriptingTraits (0ms)
		AnalyzeDomain (300ms)
			TypeCache.Refresh (266ms)
				TypeCache.ScanAssembly (256ms)
			ScanForSourceGeneratedMonoScriptInfo (24ms)
			ResolveRequiredComponents (10ms)
	FinalizeReload (638ms)
		ReleaseScriptCaches (0ms)
		RebuildScriptCaches (0ms)
		SetupLoadedEditorAssemblies (491ms)
			LogAssemblyErrors (0ms)
			InitializePlatformSupportModulesInManaged (5ms)
			SetLoadedEditorAssemblies (5ms)
			RefreshPlugins (0ms)
			BeforeProcessingInitializeOnLoad (118ms)
			ProcessInitializeOnLoadAttributes (293ms)
			ProcessInitializeOnLoadMethodAttributes (65ms)
			AfterProcessingInitializeOnLoad (4ms)
			EditorAssembliesLoaded (0ms)
		ExecutionOrderSort2 (0ms)
		AwakeInstancesAfterBackupRestoration (6ms)
Launched and connected shader compiler UnityShaderCompiler.exe after 0.04 seconds
Refreshing native plugins compatible for Editor in 2.63 ms, found 3 plugins.
Preloading 0 native plugins for Editor in 0.00 ms.
Unloading 4955 Unused Serialized files (Serialized files now loaded: 0)
Unloading 74 unused Assets / (0.8 MB). Loaded Objects now: 5406.
Memory consumption went from 198.3 MB to 197.5 MB.
Total: 3.559000 ms (FindLiveObjects: 0.478100 ms CreateObjectMapping: 0.211000 ms MarkObjects: 2.568300 ms  DeleteObjects: 0.299800 ms)

AssetImportParameters requested are different than current active one (requested -> active):
  custom:container-demuxer-ogg: 62fdf1f143b41e24485cea50d1cbac27 -> 
  custom:video-decoder-ogg-theora: a1e56fd34408186e4bbccfd4996cb3dc -> 
  custom:framework-win-MediaFoundation: 216162199b28c13a410421893ffa2e32 -> 
  custom:container-demuxer-webm: 4f35f7cbe854078d1ac9338744f61a02 -> 
  custom:container-muxer-webm: aa71ff27fc2769a1b78a27578f13a17b -> 
  custom:video-decoder-webm-vp8: 9c59270c3fd7afecdb556c50c9e8de78 -> 
  custom:AudioImporter_EditorPlatform: d09bf68614088b80899f8185d706f6e7 -> 
  custom:video-encoder-webm-vp8: eb34c28f22e8b96e1ab97ce403110664 -> 
  custom:audio-decoder-ogg-vorbis: bf7c407c2cedff20999df2af8eb42d56 -> 
  custom:audio-encoder-webm-vorbis: bf7c407c2cedff20999df2af8eb42d56 -> 
========================================================================
Received Import Request.
  Time since last request: 87836.078570 seconds.
  path: Assets/SimpleApocalypse/Models/Buildings/SA_Bld_HouseSmallA_Damaged_02_Convex 1.asset
  artifactKey: Guid(cc6cf81944b5b464cbff4941b464764b) Importer(2089858483,0ecaa5967403d082aa24f35e1b516d23)
Start importing Assets/SimpleApocalypse/Models/Buildings/SA_Bld_HouseSmallA_Damaged_02_Convex 1.asset using Guid(cc6cf81944b5b464cbff4941b464764b) Importer(2089858483,0ecaa5967403d082aa24f35e1b516d23) Generated GUIDs only implemented for interfaces!
 -> (artifact id: '9c3716fa5e5d61ea78d2d8bdebc3178e') in 0.071242 seconds
Number of updated asset objects reloaded before import = 0
Number of asset objects unloaded after import = 1
========================================================================
Received Import Request.
  Time since last request: 0.000034 seconds.
  path: Assets/SimpleApocalypse/Prefabs/Props/SA_Prop_BurntBrown_RV_02.prefab
  artifactKey: Guid(e773b8267224a8041a6bb5219622c85d) Importer(2089858483,0ecaa5967403d082aa24f35e1b516d23)
Start importing Assets/SimpleApocalypse/Prefabs/Props/SA_Prop_BurntBrown_RV_02.prefab using Guid(e773b8267224a8041a6bb5219622c85d) Importer(2089858483,0ecaa5967403d082aa24f35e1b516d23) Generated GUIDs only implemented for interfaces!
 -> (artifact id: '89375df0a7ca1f194af8a94959054cc2') in 0.105102 seconds
Number of updated asset objects reloaded before import = 0
Number of asset objects unloaded after import = 9
========================================================================
Received Import Request.
  Time since last request: 0.000018 seconds.
  path: Assets/Prefab/Enemies/Standard/SE_AirportWorker.prefab
  artifactKey: Guid(46a7fe3c7844c6347b0b2dcfd04a28c2) Importer(2089858483,0ecaa5967403d082aa24f35e1b516d23)
Start importing Assets/Prefab/Enemies/Standard/SE_AirportWorker.prefab using Guid(46a7fe3c7844c6347b0b2dcfd04a28c2) Importer(2089858483,0ecaa5967403d082aa24f35e1b516d23) Generated GUIDs only implemented for interfaces!
 -> (artifact id: 'f8adbdcc5c12d5380928b26bfbdae291') in 0.035895 seconds
Number of updated asset objects reloaded before import = 0
Number of asset objects unloaded after import = 261
========================================================================
Received Import Request.
  Time since last request: 0.000018 seconds.
  path: Assets/Samples/AI Navigation/1.1.3/Build And Connect NavMesh Surfaces/Scenes/5_sliding_window_terrain.unity
  artifactKey: Guid(6c20ed45d4ebd40df8a16fa95e142c57) Importer(2089858483,0ecaa5967403d082aa24f35e1b516d23)
Start importing Assets/Samples/AI Navigation/1.1.3/Build And Connect NavMesh Surfaces/Scenes/5_sliding_window_terrain.unity using Guid(6c20ed45d4ebd40df8a16fa95e142c57) Importer(2089858483,0ecaa5967403d082aa24f35e1b516d23) Generated GUIDs only implemented for interfaces!
 -> (artifact id: '8a082ad5a00c9192c13bb3910e43ec59') in 0.013793 seconds
Number of updated asset objects reloaded before import = 0
Number of asset objects unloaded after import = 1
========================================================================
Received Import Request.
  Time since last request: 0.000115 seconds.
  path: Assets/Samples/AI Navigation/1.1.3/Build And Connect NavMesh Surfaces/Scenes/7_dungeon/NavMesh-Tile7.asset
  artifactKey: Guid(cf440083f496235459cb5e1eee4c518a) Importer(2089858483,0ecaa5967403d082aa24f35e1b516d23)
Start importing Assets/Samples/AI Navigation/1.1.3/Build And Connect NavMesh Surfaces/Scenes/7_dungeon/NavMesh-Tile7.asset using Guid(cf440083f496235459cb5e1eee4c518a) Importer(2089858483,0ecaa5967403d082aa24f35e1b516d23) Generated GUIDs only implemented for interfaces!
 -> (artifact id: 'a9788a113bb4a07f477a7c8cf9ce0eb7') in 0.018514 seconds
Number of updated asset objects reloaded before import = 0
Number of asset objects unloaded after import = 1
========================================================================
Received Import Request.
  Time since last request: 0.000023 seconds.
  path: Assets/Samples/AI Navigation/1.1.3/Build And Connect NavMesh Surfaces/Scenes/7_dungeon/NavMesh-Tile8.asset
  artifactKey: Guid(e9fa3b298750441429f9249799e60701) Importer(2089858483,0ecaa5967403d082aa24f35e1b516d23)
Start importing Assets/Samples/AI Navigation/1.1.3/Build And Connect NavMesh Surfaces/Scenes/7_dungeon/NavMesh-Tile8.asset using Guid(e9fa3b298750441429f9249799e60701) Importer(2089858483,0ecaa5967403d082aa24f35e1b516d23) Generated GUIDs only implemented for interfaces!
 -> (artifact id: 'c9442f054a8dfc8cb6daea5a52ecab7f') in 0.010908 seconds
Number of updated asset objects reloaded before import = 0
Number of asset objects unloaded after import = 1
========================================================================
Received Import Request.
  Time since last request: 0.000017 seconds.
  path: Assets/Samples/AI Navigation/1.1.3/Build And Connect NavMesh Surfaces/Scripts/ProjectSettingsUtilities/Editor
  artifactKey: Guid(b965d7c48dbdb594cb2678be44f7ea34) Importer(2089858483,0ecaa5967403d082aa24f35e1b516d23)
Start importing Assets/Samples/AI Navigation/1.1.3/Build And Connect NavMesh Surfaces/Scripts/ProjectSettingsUtilities/Editor using Guid(b965d7c48dbdb594cb2678be44f7ea34) Importer(2089858483,0ecaa5967403d082aa24f35e1b516d23) Generated GUIDs only implemented for interfaces!
 -> (artifact id: '08ad26fb1bf8199e5a8790e20d6d79dc') in 0.010023 seconds
Number of updated asset objects reloaded before import = 0
Number of asset objects unloaded after import = 1
========================================================================
Received Import Request.
  Time since last request: 0.000077 seconds.
  path: Assets/Samples/AI Navigation/1.1.3/Build And Connect NavMesh Surfaces/Scenes/7_dungeon/NavMesh-Tile12.asset
  artifactKey: Guid(2553a2b38a1b9bd49996ce66432c7d56) Importer(2089858483,0ecaa5967403d082aa24f35e1b516d23)
Start importing Assets/Samples/AI Navigation/1.1.3/Build And Connect NavMesh Surfaces/Scenes/7_dungeon/NavMesh-Tile12.asset using Guid(2553a2b38a1b9bd49996ce66432c7d56) Importer(2089858483,0ecaa5967403d082aa24f35e1b516d23) Generated GUIDs only implemented for interfaces!
 -> (artifact id: '1e31ece47db6b28718d98ca329d499b6') in 0.012446 seconds
Number of updated asset objects reloaded before import = 0
Number of asset objects unloaded after import = 1
========================================================================
Received Import Request.
  Time since last request: 0.000018 seconds.
  path: Assets/Samples/AI Navigation/1.1.3/Build And Connect NavMesh Surfaces/Scripts/Despawner.cs
  artifactKey: Guid(d3be0b2e79a40424c88b51776d94b8a5) Importer(2089858483,0ecaa5967403d082aa24f35e1b516d23)
Start importing Assets/Samples/AI Navigation/1.1.3/Build And Connect NavMesh Surfaces/Scripts/Despawner.cs using Guid(d3be0b2e79a40424c88b51776d94b8a5) Importer(2089858483,0ecaa5967403d082aa24f35e1b516d23) Generated GUIDs only implemented for interfaces!
 -> (artifact id: 'b0f407c69e162067ed5586bde8ec7b56') in 0.012510 seconds
Number of updated asset objects reloaded before import = 0
Number of asset objects unloaded after import = 1
========================================================================
Received Import Request.
  Time since last request: 0.000125 seconds.
  path: Assets/Samples/AI Navigation/1.1.3/Build And Connect NavMesh Surfaces/Scenes/6_modify_mesh.unity
  artifactKey: Guid(01a58dc6a76c24f859a51e3de2203501) Importer(2089858483,0ecaa5967403d082aa24f35e1b516d23)
Start importing Assets/Samples/AI Navigation/1.1.3/Build And Connect NavMesh Surfaces/Scenes/6_modify_mesh.unity using Guid(01a58dc6a76c24f859a51e3de2203501) Importer(2089858483,0ecaa5967403d082aa24f35e1b516d23) Generated GUIDs only implemented for interfaces!
 -> (artifact id: 'b256dd435ae8d181784739b7f61dd925') in 0.011376 seconds
Number of updated asset objects reloaded before import = 0
Number of asset objects unloaded after import = 1
========================================================================
Received Import Request.
  Time since last request: 0.000079 seconds.
  path: Assets/SimpleApocalypse/Prefabs/Weapons/SA_Wep_Katana.prefab
  artifactKey: Guid(454ecfe8d64029140963b6461b2f7d0d) Importer(2089858483,0ecaa5967403d082aa24f35e1b516d23)
Start importing Assets/SimpleApocalypse/Prefabs/Weapons/SA_Wep_Katana.prefab using Guid(454ecfe8d64029140963b6461b2f7d0d) Importer(2089858483,0ecaa5967403d082aa24f35e1b516d23) Generated GUIDs only implemented for interfaces!
 -> (artifact id: 'c9cb7f01f4fa2f28db84f6618dcb2f6e') in 0.017346 seconds
Number of updated asset objects reloaded before import = 0
Number of asset objects unloaded after import = 9
========================================================================
Received Import Request.
  Time since last request: 0.000023 seconds.
  path: Assets/SimpleApocalypse/Models/Props/SA_Prop_Barrier_03_Convex.asset
  artifactKey: Guid(8056cd61d23e74e44a70ab446a9c0f6d) Importer(2089858483,0ecaa5967403d082aa24f35e1b516d23)
Start importing Assets/SimpleApocalypse/Models/Props/SA_Prop_Barrier_03_Convex.asset using Guid(8056cd61d23e74e44a70ab446a9c0f6d) Importer(2089858483,0ecaa5967403d082aa24f35e1b516d23) Generated GUIDs only implemented for interfaces!
 -> (artifact id: '9ae1ea3adcd57d538ab851f18321f051') in 0.011102 seconds
Number of updated asset objects reloaded before import = 0
Number of asset objects unloaded after import = 1
========================================================================
Received Import Request.
  Time since last request: 0.000018 seconds.
  path: Assets/Samples/AI Navigation/1.1.3/Build And Connect NavMesh Surfaces/Prefabs/DungeonTiles/Tile10.prefab
  artifactKey: Guid(5a42d29fbf7424949aef05b1ffaf7f5d) Importer(2089858483,0ecaa5967403d082aa24f35e1b516d23)
Start importing Assets/Samples/AI Navigation/1.1.3/Build And Connect NavMesh Surfaces/Prefabs/DungeonTiles/Tile10.prefab using Guid(5a42d29fbf7424949aef05b1ffaf7f5d) Importer(2089858483,0ecaa5967403d082aa24f35e1b516d23) Generated GUIDs only implemented for interfaces!
 -> (artifact id: 'eabf74a3473285bcfe6e1db04dc115fd') in 0.027151 seconds
Number of updated asset objects reloaded before import = 0
Number of asset objects unloaded after import = 27
========================================================================
Received Import Request.
  Time since last request: 0.000022 seconds.
  path: Assets/SimpleApocalypse/Models/Props/SA_Prop_Bar_Damaged_02_Convex.asset
  artifactKey: Guid(c67b6a64840fd0346aa38d9b64202c65) Importer(2089858483,0ecaa5967403d082aa24f35e1b516d23)
Start importing Assets/SimpleApocalypse/Models/Props/SA_Prop_Bar_Damaged_02_Convex.asset using Guid(c67b6a64840fd0346aa38d9b64202c65) Importer(2089858483,0ecaa5967403d082aa24f35e1b516d23) Generated GUIDs only implemented for interfaces!
 -> (artifact id: '3c8fc986b8d63b2e61ec89be9a9bc500') in 0.018628 seconds
Number of updated asset objects reloaded before import = 0
Number of asset objects unloaded after import = 1
========================================================================
Received Import Request.
  Time since last request: 0.000028 seconds.
  path: Assets/Samples/AI Navigation/1.1.3/Build And Connect NavMesh Surfaces/Scripts/RandomWalk.cs
  artifactKey: Guid(dd76b8ee2dbcf4be6998e917c65cd6ed) Importer(2089858483,0ecaa5967403d082aa24f35e1b516d23)
Start importing Assets/Samples/AI Navigation/1.1.3/Build And Connect NavMesh Surfaces/Scripts/RandomWalk.cs using Guid(dd76b8ee2dbcf4be6998e917c65cd6ed) Importer(2089858483,0ecaa5967403d082aa24f35e1b516d23) Generated GUIDs only implemented for interfaces!
 -> (artifact id: 'cb0e90da46bcad0a42b7bf9ec5cde8ff') in 0.011778 seconds
Number of updated asset objects reloaded before import = 0
Number of asset objects unloaded after import = 1
========================================================================
Received Import Request.
  Time since last request: 0.000078 seconds.
  path: Assets/SimpleApocalypse/Prefabs/FX/FX_WaterSplash.prefab
  artifactKey: Guid(e49403f034d74ee44aa8a41b0ee4abfd) Importer(2089858483,0ecaa5967403d082aa24f35e1b516d23)
Start importing Assets/SimpleApocalypse/Prefabs/FX/FX_WaterSplash.prefab using Guid(e49403f034d74ee44aa8a41b0ee4abfd) Importer(2089858483,0ecaa5967403d082aa24f35e1b516d23) Generated GUIDs only implemented for interfaces!
 -> (artifact id: '27c3ffd155c56f1cd7ef2e0d73ae19c8') in 0.097915 seconds
Number of updated asset objects reloaded before import = 0
Number of asset objects unloaded after import = 7
========================================================================
Received Import Request.
  Time since last request: 0.000024 seconds.
  path: Assets/Samples/AI Navigation/1.1.3/Build And Connect NavMesh Surfaces/Scripts/ProjectSettingsUtilities/NavigationSampleInitializer.cs
  artifactKey: Guid(4b4f798af8320134f8549651d7ea621a) Importer(2089858483,0ecaa5967403d082aa24f35e1b516d23)
Start importing Assets/Samples/AI Navigation/1.1.3/Build And Connect NavMesh Surfaces/Scripts/ProjectSettingsUtilities/NavigationSampleInitializer.cs using Guid(4b4f798af8320134f8549651d7ea621a) Importer(2089858483,0ecaa5967403d082aa24f35e1b516d23) Generated GUIDs only implemented for interfaces!
 -> (artifact id: '6597d60739a5a4395722aefc3e41236d') in 0.019112 seconds
Number of updated asset objects reloaded before import = 0
Number of asset objects unloaded after import = 1
========================================================================
Received Import Request.
  Time since last request: 0.000024 seconds.
  path: Assets/Samples/AI Navigation/1.1.3/Build And Connect NavMesh Surfaces/Prefabs/Materials
  artifactKey: Guid(1d90e8e96f35140d6bed17ee9c581927) Importer(2089858483,0ecaa5967403d082aa24f35e1b516d23)
Start importing Assets/Samples/AI Navigation/1.1.3/Build And Connect NavMesh Surfaces/Prefabs/Materials using Guid(1d90e8e96f35140d6bed17ee9c581927) Importer(2089858483,0ecaa5967403d082aa24f35e1b516d23) Generated GUIDs only implemented for interfaces!
 -> (artifact id: 'b8655f79fe0183b1132329b4b37a128a') in 0.010978 seconds
Number of updated asset objects reloaded before import = 0
Number of asset objects unloaded after import = 1
========================================================================
Received Import Request.
  Time since last request: 0.000017 seconds.
  path: Assets/SimpleApocalypse/Prefabs/Props/SA_Prop_BBQ_01.prefab
  artifactKey: Guid(8443a341ec005d547b05e82fbaa24324) Importer(2089858483,0ecaa5967403d082aa24f35e1b516d23)
Start importing Assets/SimpleApocalypse/Prefabs/Props/SA_Prop_BBQ_01.prefab using Guid(8443a341ec005d547b05e82fbaa24324) Importer(2089858483,0ecaa5967403d082aa24f35e1b516d23) Generated GUIDs only implemented for interfaces!
 -> (artifact id: 'b666683b1009b73352b5dbfd81205241') in 0.016418 seconds
Number of updated asset objects reloaded before import = 0
Number of asset objects unloaded after import = 9
========================================================================
Received Import Request.
  Time since last request: 0.000020 seconds.
  path: Assets/SimpleApocalypse/Prefabs/Props/SA_Prop_BurntBrown_Ute_02.prefab
  artifactKey: Guid(1d0d15de61bec3f4cb97eb949ab57f1f) Importer(2089858483,0ecaa5967403d082aa24f35e1b516d23)
Start importing Assets/SimpleApocalypse/Prefabs/Props/SA_Prop_BurntBrown_Ute_02.prefab using Guid(1d0d15de61bec3f4cb97eb949ab57f1f) Importer(2089858483,0ecaa5967403d082aa24f35e1b516d23) Generated GUIDs only implemented for interfaces!
 -> (artifact id: '4e34cf0a7448c36d28b1478b60deb668') in 0.015029 seconds
Number of updated asset objects reloaded before import = 0
Number of asset objects unloaded after import = 9
========================================================================
Received Import Request.
  Time since last request: 0.000020 seconds.
  path: Assets/SimpleApocalypse/Models/Environment/SA_Env_RoadLane_NoLines_straight_01_Convex.asset
  artifactKey: Guid(c80761e470eb45e42a1f11e918d814de) Importer(2089858483,0ecaa5967403d082aa24f35e1b516d23)
Start importing Assets/SimpleApocalypse/Models/Environment/SA_Env_RoadLane_NoLines_straight_01_Convex.asset using Guid(c80761e470eb45e42a1f11e918d814de) Importer(2089858483,0ecaa5967403d082aa24f35e1b516d23) Generated GUIDs only implemented for interfaces!
 -> (artifact id: '633bdaedf7a8dd672c168ab40a265e56') in 0.020232 seconds
Number of updated asset objects reloaded before import = 0
Number of asset objects unloaded after import = 1
========================================================================
Received Import Request.
  Time since last request: 0.000020 seconds.
  path: Assets/SimpleApocalypse/Prefabs/Environment/SA_Env_Pond_01.prefab
  artifactKey: Guid(59cae1a664a2cdd41b936c78499430df) Importer(2089858483,0ecaa5967403d082aa24f35e1b516d23)
Start importing Assets/SimpleApocalypse/Prefabs/Environment/SA_Env_Pond_01.prefab using Guid(59cae1a664a2cdd41b936c78499430df) Importer(2089858483,0ecaa5967403d082aa24f35e1b516d23) Generated GUIDs only implemented for interfaces!
 -> (artifact id: 'a25ffe70d8f94859fd13bcfd40eb2301') in 0.023543 seconds
Number of updated asset objects reloaded before import = 0
Number of asset objects unloaded after import = 8
========================================================================
Received Import Request.
  Time since last request: 0.000024 seconds.
  path: Assets/SimpleApocalypse/Materials/Zombies/SA_Zombie_Mountie.mat
  artifactKey: Guid(9ddf5db41272a184897937ef13c14e01) Importer(2089858483,0ecaa5967403d082aa24f35e1b516d23)
Start importing Assets/SimpleApocalypse/Materials/Zombies/SA_Zombie_Mountie.mat using Guid(9ddf5db41272a184897937ef13c14e01) Importer(2089858483,0ecaa5967403d082aa24f35e1b516d23) Generated GUIDs only implemented for interfaces!
 -> (artifact id: 'a1b3bdfd5edfdde713d94193d33eae33') in 0.033076 seconds
Number of updated asset objects reloaded before import = 0
Number of asset objects unloaded after import = 2
========================================================================
Received Import Request.
  Time since last request: 0.000019 seconds.
  path: Assets/SimpleApocalypse/Models/Weapons/SA_Wep_Machete_Convex.asset
  artifactKey: Guid(f542ee4c50aaeb24ca8f634cf7676d1a) Importer(2089858483,0ecaa5967403d082aa24f35e1b516d23)
Start importing Assets/SimpleApocalypse/Models/Weapons/SA_Wep_Machete_Convex.asset using Guid(f542ee4c50aaeb24ca8f634cf7676d1a) Importer(2089858483,0ecaa5967403d082aa24f35e1b516d23) Generated GUIDs only implemented for interfaces!
 -> (artifact id: '59fc59daffc08b0e21acb5cb100b7ede') in 0.011003 seconds
Number of updated asset objects reloaded before import = 0
Number of asset objects unloaded after import = 1
========================================================================
Received Import Request.
  Time since last request: 0.000026 seconds.
  path: Assets/SimpleApocalypse/Models/Environment/SA_Env_Dirt_02_Convex.asset
  artifactKey: Guid(cfbc9faf60a9ff84eb4a44fa2a570757) Importer(2089858483,0ecaa5967403d082aa24f35e1b516d23)
Start importing Assets/SimpleApocalypse/Models/Environment/SA_Env_Dirt_02_Convex.asset using Guid(cfbc9faf60a9ff84eb4a44fa2a570757) Importer(2089858483,0ecaa5967403d082aa24f35e1b516d23) Generated GUIDs only implemented for interfaces!
 -> (artifact id: 'ff25e886e9b3559e6f92993860576950') in 0.021540 seconds
Number of updated asset objects reloaded before import = 0
Number of asset objects unloaded after import = 1
========================================================================
Received Import Request.
  Time since last request: 0.000019 seconds.
  path: Assets/Samples/AI Navigation/1.1.3/Build And Connect NavMesh Surfaces/Scenes/2_drop_plank.unity
  artifactKey: Guid(d5440f69c97a641f19160f152dfb503f) Importer(2089858483,0ecaa5967403d082aa24f35e1b516d23)
Start importing Assets/Samples/AI Navigation/1.1.3/Build And Connect NavMesh Surfaces/Scenes/2_drop_plank.unity using Guid(d5440f69c97a641f19160f152dfb503f) Importer(2089858483,0ecaa5967403d082aa24f35e1b516d23) Generated GUIDs only implemented for interfaces!
 -> (artifact id: 'b53ed19235af17812082f4247a6be759') in 0.009936 seconds
Number of updated asset objects reloaded before import = 0
Number of asset objects unloaded after import = 1
========================================================================
Received Import Request.
  Time since last request: 0.000083 seconds.
  path: Assets/SimpleApocalypse/Models/Items/SA_Item_WaterBottle_Convex.asset
  artifactKey: Guid(79005e6e6d6a1484fba4a2c78029b457) Importer(2089858483,0ecaa5967403d082aa24f35e1b516d23)
Start importing Assets/SimpleApocalypse/Models/Items/SA_Item_WaterBottle_Convex.asset using Guid(79005e6e6d6a1484fba4a2c78029b457) Importer(2089858483,0ecaa5967403d082aa24f35e1b516d23) Generated GUIDs only implemented for interfaces!
 -> (artifact id: 'dd20bfd9ba62f437b1bd68bb146b1710') in 0.012007 seconds
Number of updated asset objects reloaded before import = 0
Number of asset objects unloaded after import = 1
========================================================================
Received Import Request.
  Time since last request: 0.000020 seconds.
  path: Assets/SimpleApocalypse/Models/Weapons/SA_Wep_Watergun_Convex.asset
  artifactKey: Guid(12689df112353c043a584bc74aa648ac) Importer(2089858483,0ecaa5967403d082aa24f35e1b516d23)
Start importing Assets/SimpleApocalypse/Models/Weapons/SA_Wep_Watergun_Convex.asset using Guid(12689df112353c043a584bc74aa648ac) Importer(2089858483,0ecaa5967403d082aa24f35e1b516d23) Generated GUIDs only implemented for interfaces!
 -> (artifact id: '5ea737ceed3c1c743932ccb40bef1b34') in 0.011042 seconds
Number of updated asset objects reloaded before import = 0
Number of asset objects unloaded after import = 1
========================================================================
Received Import Request.
  Time since last request: 0.000024 seconds.
  path: Assets/SimpleApocalypse/Prefabs/Buildings/SA_Bld_TrailerRV_Damaged_02.prefab
  artifactKey: Guid(c8927bf76bbe65f4ba636096482ee0b0) Importer(2089858483,0ecaa5967403d082aa24f35e1b516d23)
Start importing Assets/SimpleApocalypse/Prefabs/Buildings/SA_Bld_TrailerRV_Damaged_02.prefab using Guid(c8927bf76bbe65f4ba636096482ee0b0) Importer(2089858483,0ecaa5967403d082aa24f35e1b516d23) Generated GUIDs only implemented for interfaces!
 -> (artifact id: '3882120a76f27899c54440967b8f5be4') in 0.018069 seconds
Number of updated asset objects reloaded before import = 0
Number of asset objects unloaded after import = 9
========================================================================
Received Import Request.
  Time since last request: 0.000015 seconds.
  path: Assets/SimpleApocalypse/Prefabs/Weapons/SA_Wep_TMPSMG.prefab
  artifactKey: Guid(bed475ad67b06e84d9eded9bc5701019) Importer(2089858483,0ecaa5967403d082aa24f35e1b516d23)
Start importing Assets/SimpleApocalypse/Prefabs/Weapons/SA_Wep_TMPSMG.prefab using Guid(bed475ad67b06e84d9eded9bc5701019) Importer(2089858483,0ecaa5967403d082aa24f35e1b516d23) Generated GUIDs only implemented for interfaces!
 -> (artifact id: '713d99acfa8c6b0c8d55a4e9a9e898c2') in 0.017813 seconds
Number of updated asset objects reloaded before import = 0
Number of asset objects unloaded after import = 34
========================================================================
Received Import Request.
  Time since last request: 0.000015 seconds.
  path: Assets/SimpleApocalypse/Models/Props/SA_Prop_CarEngine_01_Convex.asset
  artifactKey: Guid(6bc9a211e793c57428e846bf17e16c60) Importer(2089858483,0ecaa5967403d082aa24f35e1b516d23)
Start importing Assets/SimpleApocalypse/Models/Props/SA_Prop_CarEngine_01_Convex.asset using Guid(6bc9a211e793c57428e846bf17e16c60) Importer(2089858483,0ecaa5967403d082aa24f35e1b516d23) Generated GUIDs only implemented for interfaces!
 -> (artifact id: 'c1230b22f5727935b7d1e8c90603daf3') in 0.010300 seconds
Number of updated asset objects reloaded before import = 0
Number of asset objects unloaded after import = 1
========================================================================
Received Import Request.
  Time since last request: 0.000020 seconds.
  path: Assets/SimpleApocalypse/Prefabs/Props/SA_Prop_TreeAutumnRed_03.prefab
  artifactKey: Guid(5d0a52e846ebc6d45b588533b8b36d25) Importer(2089858483,0ecaa5967403d082aa24f35e1b516d23)
Start importing Assets/SimpleApocalypse/Prefabs/Props/SA_Prop_TreeAutumnRed_03.prefab using Guid(5d0a52e846ebc6d45b588533b8b36d25) Importer(2089858483,0ecaa5967403d082aa24f35e1b516d23) Generated GUIDs only implemented for interfaces!
 -> (artifact id: '68158f8710dcdba5615a77cb25b7930c') in 0.018838 seconds
Number of updated asset objects reloaded before import = 0
Number of asset objects unloaded after import = 11
========================================================================
Received Import Request.
  Time since last request: 0.000021 seconds.
  path: Assets/SimpleApocalypse/Models/Items/SA_Item_Ammo_RPGMissiles_Convex.asset
  artifactKey: Guid(9806b890f6767cd4c824c55bbb93fa58) Importer(2089858483,0ecaa5967403d082aa24f35e1b516d23)
Start importing Assets/SimpleApocalypse/Models/Items/SA_Item_Ammo_RPGMissiles_Convex.asset using Guid(9806b890f6767cd4c824c55bbb93fa58) Importer(2089858483,0ecaa5967403d082aa24f35e1b516d23) Generated GUIDs only implemented for interfaces!
 -> (artifact id: '1fa9fe94cf3c5e7a0f0f80465ee7b411') in 0.010319 seconds
Number of updated asset objects reloaded before import = 0
Number of asset objects unloaded after import = 1
========================================================================
Received Import Request.
  Time since last request: 0.000137 seconds.
  path: Assets/SimpleApocalypse/Models/Items/SA_Item_Ammo_Revolver_Convex.asset
  artifactKey: Guid(02d365186e453b4489a81cd374999d6b) Importer(2089858483,0ecaa5967403d082aa24f35e1b516d23)
Start importing Assets/SimpleApocalypse/Models/Items/SA_Item_Ammo_Revolver_Convex.asset using Guid(02d365186e453b4489a81cd374999d6b) Importer(2089858483,0ecaa5967403d082aa24f35e1b516d23) Generated GUIDs only implemented for interfaces!
 -> (artifact id: '13e967fd673c614d42fc43b84e4a0e00') in 0.010832 seconds
Number of updated asset objects reloaded before import = 0
Number of asset objects unloaded after import = 1
========================================================================
Received Import Request.
  Time since last request: 0.000020 seconds.
  path: Assets/SimpleApocalypse/Prefabs/Props/SA_Prop_AmmoBox_01.prefab
  artifactKey: Guid(2f8fda89ab1ec834882c458137e71234) Importer(2089858483,0ecaa5967403d082aa24f35e1b516d23)
Start importing Assets/SimpleApocalypse/Prefabs/Props/SA_Prop_AmmoBox_01.prefab using Guid(2f8fda89ab1ec834882c458137e71234) Importer(2089858483,0ecaa5967403d082aa24f35e1b516d23) Generated GUIDs only implemented for interfaces!
 -> (artifact id: '000ebe6a2664e213dab56f00b101ed15') in 0.016758 seconds
Number of updated asset objects reloaded before import = 0
Number of asset objects unloaded after import = 9
========================================================================
Received Import Request.
  Time since last request: 0.000019 seconds.
  path: Assets/SimpleApocalypse/Prefabs/Buildings/SA_Bld_HouseSmallA_Damaged_01.prefab
  artifactKey: Guid(73438377624440c418c6ee70014e4590) Importer(2089858483,0ecaa5967403d082aa24f35e1b516d23)
Start importing Assets/SimpleApocalypse/Prefabs/Buildings/SA_Bld_HouseSmallA_Damaged_01.prefab using Guid(73438377624440c418c6ee70014e4590) Importer(2089858483,0ecaa5967403d082aa24f35e1b516d23) Generated GUIDs only implemented for interfaces!
 -> (artifact id: '309236c97c757e079258dcc07d16f1ce') in 0.027937 seconds
Number of updated asset objects reloaded before import = 0
Number of asset objects unloaded after import = 20
========================================================================
Received Import Request.
  Time since last request: 0.000018 seconds.
  path: Assets/SimpleApocalypse/Prefabs/Items/SA_Item_WalkieTalkie.prefab
  artifactKey: Guid(d37bdca3cf4a37248934e1cdf44b591f) Importer(2089858483,0ecaa5967403d082aa24f35e1b516d23)
Start importing Assets/SimpleApocalypse/Prefabs/Items/SA_Item_WalkieTalkie.prefab using Guid(d37bdca3cf4a37248934e1cdf44b591f) Importer(2089858483,0ecaa5967403d082aa24f35e1b516d23) Generated GUIDs only implemented for interfaces!
 -> (artifact id: '911f3a32a9c22d13af3474b3d76de255') in 0.014131 seconds
Number of updated asset objects reloaded before import = 0
Number of asset objects unloaded after import = 9
========================================================================
Received Import Request.
  Time since last request: 0.000027 seconds.
  path: Assets/SimpleApocalypse/Prefabs/Characters/Characters/SA_Character_BusinessSurvivor.prefab
  artifactKey: Guid(80cf54b3b2c8e7e43a80c62f98a0fefe) Importer(2089858483,0ecaa5967403d082aa24f35e1b516d23)
Start importing Assets/SimpleApocalypse/Prefabs/Characters/Characters/SA_Character_BusinessSurvivor.prefab using Guid(80cf54b3b2c8e7e43a80c62f98a0fefe) Importer(2089858483,0ecaa5967403d082aa24f35e1b516d23) Generated GUIDs only implemented for interfaces!
 -> (artifact id: '011f5b7432934a9d33553f8b573ed4e1') in 0.040272 seconds
Number of updated asset objects reloaded before import = 0
Number of asset objects unloaded after import = 600
========================================================================
Received Import Request.
  Time since last request: 0.000019 seconds.
  path: Assets/SimpleApocalypse/Prefabs/Props/SA_Prop_TreeSnow_02.prefab
  artifactKey: Guid(a6215710b5cbbb54faf68bc302d5d05a) Importer(2089858483,0ecaa5967403d082aa24f35e1b516d23)
Start importing Assets/SimpleApocalypse/Prefabs/Props/SA_Prop_TreeSnow_02.prefab using Guid(a6215710b5cbbb54faf68bc302d5d05a) Importer(2089858483,0ecaa5967403d082aa24f35e1b516d23) Generated GUIDs only implemented for interfaces!
 -> (artifact id: 'fc4d0cd37f3433ef4facdcaaf237be0c') in 0.017553 seconds
Number of updated asset objects reloaded before import = 0
Number of asset objects unloaded after import = 11
========================================================================
Received Import Request.
  Time since last request: 0.000023 seconds.
  path: Assets/SimpleApocalypse/Materials/Misc/FX_Flat.mat
  artifactKey: Guid(9be7499df22579b46b181f99815196e2) Importer(2089858483,0ecaa5967403d082aa24f35e1b516d23)
Start importing Assets/SimpleApocalypse/Materials/Misc/FX_Flat.mat using Guid(9be7499df22579b46b181f99815196e2) Importer(2089858483,0ecaa5967403d082aa24f35e1b516d23) Generated GUIDs only implemented for interfaces!
 -> (artifact id: '8d9fd6447941a4f3543cbf946324ddb1') in 0.035703 seconds
Number of updated asset objects reloaded before import = 0
Number of asset objects unloaded after import = 1
========================================================================
Received Import Request.
  Time since last request: 0.000023 seconds.
  path: Assets/SimpleApocalypse/Prefabs/Weapons/SA_Wep_AssaultRifle02.prefab
  artifactKey: Guid(77c28bd5bb9c5724da72bfd765a054d7) Importer(2089858483,0ecaa5967403d082aa24f35e1b516d23)
Start importing Assets/SimpleApocalypse/Prefabs/Weapons/SA_Wep_AssaultRifle02.prefab using Guid(77c28bd5bb9c5724da72bfd765a054d7) Importer(2089858483,0ecaa5967403d082aa24f35e1b516d23) Generated GUIDs only implemented for interfaces!
 -> (artifact id: '833116112ec7530478b52a3fbb6ed2cb') in 0.019699 seconds
Number of updated asset objects reloaded before import = 0
Number of asset objects unloaded after import = 34
========================================================================
Received Import Request.
  Time since last request: 0.000018 seconds.
  path: Assets/SimpleApocalypse/Prefabs/Buildings/SA_Bld_WarehouseOld_02.prefab
  artifactKey: Guid(c6cfea9f439e8234ea128c16422e1bc0) Importer(2089858483,0ecaa5967403d082aa24f35e1b516d23)
Start importing Assets/SimpleApocalypse/Prefabs/Buildings/SA_Bld_WarehouseOld_02.prefab using Guid(c6cfea9f439e8234ea128c16422e1bc0) Importer(2089858483,0ecaa5967403d082aa24f35e1b516d23) Generated GUIDs only implemented for interfaces!
 -> (artifact id: '3d12af7fb213b9b214b88bdae2f207cf') in 0.017244 seconds
Number of updated asset objects reloaded before import = 0
Number of asset objects unloaded after import = 9
========================================================================
Received Import Request.
  Time since last request: 11.506825 seconds.
  path: Assets/SimpleApocalypse/Prefabs/Characters/Characters/SA_Character_Hazard.prefab
  artifactKey: Guid(ceafca23efdb13b439ae574547aa8240) Importer(2089858483,0ecaa5967403d082aa24f35e1b516d23)
Start importing Assets/SimpleApocalypse/Prefabs/Characters/Characters/SA_Character_Hazard.prefab using Guid(ceafca23efdb13b439ae574547aa8240) Importer(2089858483,0ecaa5967403d082aa24f35e1b516d23) Generated GUIDs only implemented for interfaces!
 -> (artifact id: '24bb2e61ef68c7d04748f1f3c53e90d2') in 0.053767 seconds
Number of updated asset objects reloaded before import = 0
Number of asset objects unloaded after import = 600
========================================================================
Received Import Request.
  Time since last request: 0.000019 seconds.
  path: Assets/SimpleApocalypse/Prefabs/Characters/Characters/SA_Character_MaleTrenchcoat.prefab
  artifactKey: Guid(cf506bef31605074a8b1bd575d6eda39) Importer(2089858483,0ecaa5967403d082aa24f35e1b516d23)
Start importing Assets/SimpleApocalypse/Prefabs/Characters/Characters/SA_Character_MaleTrenchcoat.prefab using Guid(cf506bef31605074a8b1bd575d6eda39) Importer(2089858483,0ecaa5967403d082aa24f35e1b516d23) Generated GUIDs only implemented for interfaces!
 -> (artifact id: 'b7396398eb5ebe6734d12a1a91449ac2') in 0.041447 seconds
Number of updated asset objects reloaded before import = 0
Number of asset objects unloaded after import = 600
========================================================================
Received Import Request.
  Time since last request: 0.000019 seconds.
  path: Assets/SimpleApocalypse/Prefabs/Characters/Characters/SA_Character_FemaleSoldier.prefab
  artifactKey: Guid(f80f8dcaabb29ce42b92ee3abd4fb18c) Importer(2089858483,0ecaa5967403d082aa24f35e1b516d23)
Start importing Assets/SimpleApocalypse/Prefabs/Characters/Characters/SA_Character_FemaleSoldier.prefab using Guid(f80f8dcaabb29ce42b92ee3abd4fb18c) Importer(2089858483,0ecaa5967403d082aa24f35e1b516d23) Generated GUIDs only implemented for interfaces!
 -> (artifact id: '5bb4cd5a9a63583c21e7aa2e57f1d899') in 0.039211 seconds
Number of updated asset objects reloaded before import = 0
Number of asset objects unloaded after import = 600
========================================================================
Received Import Request.
  Time since last request: 15.684346 seconds.
  path: Assets/Samples/AI Navigation/1.1.3/Build And Connect NavMesh Surfaces/Materials/brown.mat
  artifactKey: Guid(1e1c6a0a64beb49ec96272beefa468a5) Importer(2089858483,0ecaa5967403d082aa24f35e1b516d23)
Start importing Assets/Samples/AI Navigation/1.1.3/Build And Connect NavMesh Surfaces/Materials/brown.mat using Guid(1e1c6a0a64beb49ec96272beefa468a5) Importer(2089858483,0ecaa5967403d082aa24f35e1b516d23) Generated GUIDs only implemented for interfaces!
 -> (artifact id: '23b103c08fd9e80a3162a014c32063f1') in 0.018293 seconds
Number of updated asset objects reloaded before import = 0
Number of asset objects unloaded after import = 1
========================================================================
Received Prepare
Begin MonoManager ReloadAssembly
Symbol file LoadedFromMemory doesn't match image C:\Users\Andrea Stelliferi\Documents\GitHub\FPAIV2023\Pro Shoot'o Survive\Library\PackageCache\com.unity.visualscripting@1.8.0\Editor\VisualScripting.Core\Dependencies\YamlDotNet\Unity.VisualScripting.YamlDotNet.dll
Symbol file LoadedFromMemory doesn't match image C:\Users\Andrea Stelliferi\Documents\GitHub\FPAIV2023\Pro Shoot'o Survive\Library\PackageCache\com.unity.visualscripting@1.8.0\Editor\VisualScripting.Core\Dependencies\DotNetZip\Unity.VisualScripting.IonicZip.dll
- Loaded All Assemblies, in  0.620 seconds
Refreshing native plugins compatible for Editor in 2.61 ms, found 3 plugins.
Native extension for WindowsStandalone target not found
Mono: successfully reloaded assembly
- Finished resetting the current domain, in  0.899 seconds
Domain Reload Profiling: 1517ms
	BeginReloadAssembly (134ms)
		ExecutionOrderSort (0ms)
		DisableScriptedObjects (3ms)
		BackupInstance (0ms)
		ReleaseScriptingObjects (0ms)
		CreateAndSetChildDomain (41ms)
	RebuildCommonClasses (30ms)
	RebuildNativeTypeToScriptingClass (10ms)
	initialDomainReloadingComplete (28ms)
	LoadAllAssembliesAndSetupDomain (415ms)
		LoadAssemblies (241ms)
		RebuildTransferFunctionScriptingTraits (0ms)
		AnalyzeDomain (231ms)
			TypeCache.Refresh (221ms)
				TypeCache.ScanAssembly (212ms)
			ScanForSourceGeneratedMonoScriptInfo (0ms)
			ResolveRequiredComponents (10ms)
	FinalizeReload (900ms)
		ReleaseScriptCaches (0ms)
		RebuildScriptCaches (0ms)
		SetupLoadedEditorAssemblies (437ms)
			LogAssemblyErrors (0ms)
			InitializePlatformSupportModulesInManaged (6ms)
			SetLoadedEditorAssemblies (3ms)
			RefreshPlugins (0ms)
			BeforeProcessingInitializeOnLoad (103ms)
			ProcessInitializeOnLoadAttributes (253ms)
			ProcessInitializeOnLoadMethodAttributes (66ms)
			AfterProcessingInitializeOnLoad (5ms)
			EditorAssembliesLoaded (0ms)
		ExecutionOrderSort2 (0ms)
		AwakeInstancesAfterBackupRestoration (18ms)
Refreshing native plugins compatible for Editor in 4.76 ms, found 3 plugins.
Preloading 0 native plugins for Editor in 0.00 ms.
Unloading 4812 Unused Serialized files (Serialized files now loaded: 0)
Unloading 49 unused Assets / (0.7 MB). Loaded Objects now: 5416.
Memory consumption went from 179.3 MB to 178.6 MB.
Total: 5.400200 ms (FindLiveObjects: 0.538600 ms CreateObjectMapping: 0.420500 ms MarkObjects: 3.933500 ms  DeleteObjects: 0.506000 ms)

Prepare: number of updated asset objects reloaded= 0
AssetImportParameters requested are different than current active one (requested -> active):
  custom:container-demuxer-ogg: 62fdf1f143b41e24485cea50d1cbac27 -> 
  custom:video-decoder-ogg-theora: a1e56fd34408186e4bbccfd4996cb3dc -> 
  custom:framework-win-MediaFoundation: 216162199b28c13a410421893ffa2e32 -> 
  custom:container-demuxer-webm: 4f35f7cbe854078d1ac9338744f61a02 -> 
  custom:container-muxer-webm: aa71ff27fc2769a1b78a27578f13a17b -> 
  custom:video-decoder-webm-vp8: 9c59270c3fd7afecdb556c50c9e8de78 -> 
  custom:AudioImporter_EditorPlatform: d09bf68614088b80899f8185d706f6e7 -> 
  custom:video-encoder-webm-vp8: eb34c28f22e8b96e1ab97ce403110664 -> 
  custom:audio-decoder-ogg-vorbis: bf7c407c2cedff20999df2af8eb42d56 -> 
  custom:audio-encoder-webm-vorbis: bf7c407c2cedff20999df2af8eb42d56 -> 
Editor requested this worker to shutdown with reason: Scaling down because of idle timeout
TcpMessagingSession - receive error
AssetImportWorkerClient::OnTransportError - code=2 error=End of file
AssetImportWorker is now disconnected from the server
Process exiting
Exiting without the bug reporter. Application will terminate with return code 0