Using pre-set license
Built from '2022.3/release' branch; Version is '2022.3.0f1 (fb119bb0b476) revision 16454043'; Using compiler version '192829333'; Build Type 'Release'
OS: 'Windows 11  (10.0.22621) 64bit Core' Language: 'it' Physical Memory: 32472 MB
BatchMode: 1, IsHumanControllingUs: 0, StartBugReporterOnCrash: 0, Is64bit: 1, IsPro: 1

COMMAND LINE ARGUMENTS:
C:\Program Files\Unity\Hub\Editor\2022.3.0f1\Editor\Unity.exe
-adb2
-batchMode
-noUpm
-name
AssetImportWorker18
-projectPath
C:/Users/Andrea Stelliferi/Documents/GitHub/FPAIV2023/Pro Shoot'o Survive
-logFile
Logs/AssetImportWorker18.log
-srvPort
61804
Successfully changed project path to: C:/Users/Andrea Stelliferi/Documents/GitHub/FPAIV2023/Pro Shoot'o Survive
C:/Users/Andrea Stelliferi/Documents/GitHub/FPAIV2023/Pro Shoot'o Survive
[UnityMemory] Configuration Parameters - Can be set up in boot.config
    "memorysetup-bucket-allocator-granularity=16"
    "memorysetup-bucket-allocator-bucket-count=8"
    "memorysetup-bucket-allocator-block-size=33554432"
    "memorysetup-bucket-allocator-block-count=8"
    "memorysetup-main-allocator-block-size=16777216"
    "memorysetup-thread-allocator-block-size=16777216"
    "memorysetup-gfx-main-allocator-block-size=16777216"
    "memorysetup-gfx-thread-allocator-block-size=16777216"
    "memorysetup-cache-allocator-block-size=4194304"
    "memorysetup-typetree-allocator-block-size=2097152"
    "memorysetup-profiler-bucket-allocator-granularity=16"
    "memorysetup-profiler-bucket-allocator-bucket-count=8"
    "memorysetup-profiler-bucket-allocator-block-size=33554432"
    "memorysetup-profiler-bucket-allocator-block-count=8"
    "memorysetup-profiler-allocator-block-size=16777216"
    "memorysetup-profiler-editor-allocator-block-size=1048576"
    "memorysetup-temp-allocator-size-main=16777216"
    "memorysetup-job-temp-allocator-block-size=2097152"
    "memorysetup-job-temp-allocator-block-size-background=1048576"
    "memorysetup-job-temp-allocator-reduction-small-platforms=262144"
    "memorysetup-allocator-temp-initial-block-size-main=262144"
    "memorysetup-allocator-temp-initial-block-size-worker=262144"
    "memorysetup-temp-allocator-size-background-worker=32768"
    "memorysetup-temp-allocator-size-job-worker=262144"
    "memorysetup-temp-allocator-size-preload-manager=33554432"
    "memorysetup-temp-allocator-size-nav-mesh-worker=65536"
    "memorysetup-temp-allocator-size-audio-worker=65536"
    "memorysetup-temp-allocator-size-cloud-worker=32768"
    "memorysetup-temp-allocator-size-gi-baking-worker=262144"
    "memorysetup-temp-allocator-size-gfx=262144"
Player connection [21988] Host "[IP] 192.168.1.36 [Port] 0 [Flags] 2 [Guid] 3448762208 [EditorId] 3448762208 [Version] 1048832 [Id] WindowsEditor(7,MSI) [Debug] 1 [PackageName] WindowsEditor [ProjectName] Editor" joined multi-casting on [225.0.0.222:54997]...

Player connection [21988] Host "[IP] 192.168.1.36 [Port] 0 [Flags] 2 [Guid] 3448762208 [EditorId] 3448762208 [Version] 1048832 [Id] WindowsEditor(7,MSI) [Debug] 1 [PackageName] WindowsEditor [ProjectName] Editor" joined alternative multi-casting on [225.0.0.222:34997]...

Refreshing native plugins compatible for Editor in 11.35 ms, found 3 plugins.
Preloading 0 native plugins for Editor in 0.00 ms.
Initialize engine version: 2022.3.0f1 (fb119bb0b476)
[Subsystems] Discovering subsystems at path C:/Program Files/Unity/Hub/Editor/2022.3.0f1/Editor/Data/Resources/UnitySubsystems
[Subsystems] Discovering subsystems at path C:/Users/Andrea Stelliferi/Documents/GitHub/FPAIV2023/Pro Shoot'o Survive/Assets
GfxDevice: creating device client; threaded=0; jobified=0
Direct3D:
    Version:  Direct3D 11.0 [level 11.1]
    Renderer: NVIDIA GeForce RTX 3080 Laptop GPU (ID=0x249c)
    Vendor:   NVIDIA
    VRAM:     8031 MB
    Driver:   31.0.15.3598
Initialize mono
Mono path[0] = 'C:/Program Files/Unity/Hub/Editor/2022.3.0f1/Editor/Data/Managed'
Mono path[1] = 'C:/Program Files/Unity/Hub/Editor/2022.3.0f1/Editor/Data/MonoBleedingEdge/lib/mono/unityjit-win32'
Mono config path = 'C:/Program Files/Unity/Hub/Editor/2022.3.0f1/Editor/Data/MonoBleedingEdge/etc'
Using monoOptions --debugger-agent=transport=dt_socket,embedding=1,server=y,suspend=n,address=127.0.0.1:56496
Begin MonoManager ReloadAssembly
Registering precompiled unity dll's ...
Register platform support module: C:/Program Files/Unity/Hub/Editor/2022.3.0f1/Editor/Data/PlaybackEngines/WindowsStandaloneSupport/UnityEditor.WindowsStandalone.Extensions.dll
Registered in 0.004504 seconds.
- Loaded All Assemblies, in  0.308 seconds
Native extension for WindowsStandalone target not found
Mono: successfully reloaded assembly
- Finished resetting the current domain, in  0.261 seconds
Domain Reload Profiling: 568ms
	BeginReloadAssembly (90ms)
		ExecutionOrderSort (0ms)
		DisableScriptedObjects (0ms)
		BackupInstance (0ms)
		ReleaseScriptingObjects (0ms)
		CreateAndSetChildDomain (1ms)
	RebuildCommonClasses (30ms)
	RebuildNativeTypeToScriptingClass (9ms)
	initialDomainReloadingComplete (49ms)
	LoadAllAssembliesAndSetupDomain (128ms)
		LoadAssemblies (89ms)
		RebuildTransferFunctionScriptingTraits (0ms)
		AnalyzeDomain (121ms)
			TypeCache.Refresh (121ms)
				TypeCache.ScanAssembly (111ms)
			ScanForSourceGeneratedMonoScriptInfo (0ms)
			ResolveRequiredComponents (1ms)
	FinalizeReload (262ms)
		ReleaseScriptCaches (0ms)
		RebuildScriptCaches (0ms)
		SetupLoadedEditorAssemblies (203ms)
			LogAssemblyErrors (0ms)
			InitializePlatformSupportModulesInManaged (8ms)
			SetLoadedEditorAssemblies (7ms)
			RefreshPlugins (0ms)
			BeforeProcessingInitializeOnLoad (3ms)
			ProcessInitializeOnLoadAttributes (133ms)
			ProcessInitializeOnLoadMethodAttributes (52ms)
			AfterProcessingInitializeOnLoad (0ms)
			EditorAssembliesLoaded (0ms)
		ExecutionOrderSort2 (0ms)
		AwakeInstancesAfterBackupRestoration (0ms)
========================================================================
Worker process is ready to serve import requests
Begin MonoManager ReloadAssembly
Symbol file LoadedFromMemory doesn't match image C:\Users\Andrea Stelliferi\Documents\GitHub\FPAIV2023\Pro Shoot'o Survive\Library\PackageCache\com.unity.visualscripting@1.8.0\Editor\VisualScripting.Core\Dependencies\YamlDotNet\Unity.VisualScripting.YamlDotNet.dll
Symbol file LoadedFromMemory doesn't match image C:\Users\Andrea Stelliferi\Documents\GitHub\FPAIV2023\Pro Shoot'o Survive\Library\PackageCache\com.unity.visualscripting@1.8.0\Editor\VisualScripting.Core\Dependencies\DotNetZip\Unity.VisualScripting.IonicZip.dll
- Loaded All Assemblies, in  0.721 seconds
Refreshing native plugins compatible for Editor in 2.68 ms, found 3 plugins.
Native extension for WindowsStandalone target not found
Mono: successfully reloaded assembly
- Finished resetting the current domain, in  0.614 seconds
Domain Reload Profiling: 1333ms
	BeginReloadAssembly (110ms)
		ExecutionOrderSort (0ms)
		DisableScriptedObjects (4ms)
		BackupInstance (0ms)
		ReleaseScriptingObjects (0ms)
		CreateAndSetChildDomain (19ms)
	RebuildCommonClasses (34ms)
	RebuildNativeTypeToScriptingClass (12ms)
	initialDomainReloadingComplete (44ms)
	LoadAllAssembliesAndSetupDomain (519ms)
		LoadAssemblies (265ms)
		RebuildTransferFunctionScriptingTraits (0ms)
		AnalyzeDomain (301ms)
			TypeCache.Refresh (271ms)
				TypeCache.ScanAssembly (257ms)
			ScanForSourceGeneratedMonoScriptInfo (20ms)
			ResolveRequiredComponents (10ms)
	FinalizeReload (615ms)
		ReleaseScriptCaches (0ms)
		RebuildScriptCaches (0ms)
		SetupLoadedEditorAssemblies (462ms)
			LogAssemblyErrors (0ms)
			InitializePlatformSupportModulesInManaged (5ms)
			SetLoadedEditorAssemblies (4ms)
			RefreshPlugins (0ms)
			BeforeProcessingInitializeOnLoad (105ms)
			ProcessInitializeOnLoadAttributes (282ms)
			ProcessInitializeOnLoadMethodAttributes (61ms)
			AfterProcessingInitializeOnLoad (4ms)
			EditorAssembliesLoaded (0ms)
		ExecutionOrderSort2 (0ms)
		AwakeInstancesAfterBackupRestoration (7ms)
Launched and connected shader compiler UnityShaderCompiler.exe after 0.04 seconds
Refreshing native plugins compatible for Editor in 3.79 ms, found 3 plugins.
Preloading 0 native plugins for Editor in 0.00 ms.
Unloading 4955 Unused Serialized files (Serialized files now loaded: 0)
Unloading 74 unused Assets / (0.8 MB). Loaded Objects now: 5406.
Memory consumption went from 198.3 MB to 197.6 MB.
Total: 3.801500 ms (FindLiveObjects: 0.473900 ms CreateObjectMapping: 0.213500 ms MarkObjects: 2.771900 ms  DeleteObjects: 0.341000 ms)

AssetImportParameters requested are different than current active one (requested -> active):
  custom:container-demuxer-ogg: 62fdf1f143b41e24485cea50d1cbac27 -> 
  custom:video-decoder-ogg-theora: a1e56fd34408186e4bbccfd4996cb3dc -> 
  custom:framework-win-MediaFoundation: 216162199b28c13a410421893ffa2e32 -> 
  custom:container-demuxer-webm: 4f35f7cbe854078d1ac9338744f61a02 -> 
  custom:container-muxer-webm: aa71ff27fc2769a1b78a27578f13a17b -> 
  custom:video-decoder-webm-vp8: 9c59270c3fd7afecdb556c50c9e8de78 -> 
  custom:AudioImporter_EditorPlatform: d09bf68614088b80899f8185d706f6e7 -> 
  custom:video-encoder-webm-vp8: eb34c28f22e8b96e1ab97ce403110664 -> 
  custom:audio-decoder-ogg-vorbis: bf7c407c2cedff20999df2af8eb42d56 -> 
  custom:audio-encoder-webm-vorbis: bf7c407c2cedff20999df2af8eb42d56 -> 
========================================================================
Received Import Request.
  Time since last request: 87836.069892 seconds.
  path: Assets/SimpleApocalypse/Models/Weapons/SA_Wep_RebarClub_Convex.asset
  artifactKey: Guid(f4f34f91c8c682a419696a09a48f36bd) Importer(2089858483,0ecaa5967403d082aa24f35e1b516d23)
Start importing Assets/SimpleApocalypse/Models/Weapons/SA_Wep_RebarClub_Convex.asset using Guid(f4f34f91c8c682a419696a09a48f36bd) Importer(2089858483,0ecaa5967403d082aa24f35e1b516d23) Generated GUIDs only implemented for interfaces!
 -> (artifact id: '80ae0e526b40c8a3d338f1add6513676') in 0.074898 seconds
Number of updated asset objects reloaded before import = 0
Number of asset objects unloaded after import = 1
========================================================================
Received Import Request.
  Time since last request: 0.000029 seconds.
  path: Assets/SimpleApocalypse/Prefabs/Props/SA_Prop_Fence_Wire_Damaged_02.prefab
  artifactKey: Guid(0903d730d4e6d6d47bbf47abc71e703c) Importer(2089858483,0ecaa5967403d082aa24f35e1b516d23)
Start importing Assets/SimpleApocalypse/Prefabs/Props/SA_Prop_Fence_Wire_Damaged_02.prefab using Guid(0903d730d4e6d6d47bbf47abc71e703c) Importer(2089858483,0ecaa5967403d082aa24f35e1b516d23) Generated GUIDs only implemented for interfaces!
 -> (artifact id: '6e197d341fad2ef26fdfd61df991d65e') in 0.109164 seconds
Number of updated asset objects reloaded before import = 0
Number of asset objects unloaded after import = 9
========================================================================
Received Import Request.
  Time since last request: 0.000019 seconds.
  path: Assets/SimpleApocalypse/Models/Environment/SA_Env_Pond_02_Convex.asset
  artifactKey: Guid(49a31e49bedb2724daba6bb906d246b2) Importer(2089858483,0ecaa5967403d082aa24f35e1b516d23)
Start importing Assets/SimpleApocalypse/Models/Environment/SA_Env_Pond_02_Convex.asset using Guid(49a31e49bedb2724daba6bb906d246b2) Importer(2089858483,0ecaa5967403d082aa24f35e1b516d23) Generated GUIDs only implemented for interfaces!
 -> (artifact id: '68d79ebee0e54b039a508c192887c300') in 0.023559 seconds
Number of updated asset objects reloaded before import = 0
Number of asset objects unloaded after import = 1
========================================================================
Received Import Request.
  Time since last request: 0.000028 seconds.
  path: Assets/Samples/AI Navigation
  artifactKey: Guid(1008ffee954e2b9478468ec348d7fba6) Importer(2089858483,0ecaa5967403d082aa24f35e1b516d23)
Start importing Assets/Samples/AI Navigation using Guid(1008ffee954e2b9478468ec348d7fba6) Importer(2089858483,0ecaa5967403d082aa24f35e1b516d23) Generated GUIDs only implemented for interfaces!
 -> (artifact id: 'c202bf04917bcc282df5336f248232ab') in 0.011609 seconds
Number of updated asset objects reloaded before import = 0
Number of asset objects unloaded after import = 1
========================================================================
Received Import Request.
  Time since last request: 0.000135 seconds.
  path: Assets/Samples/AI Navigation/1.1.3/Build And Connect NavMesh Surfaces/Prefabs/Materials/BanyanBranches.mat
  artifactKey: Guid(7186e4ec31ca3459da36b9faf2049a09) Importer(2089858483,0ecaa5967403d082aa24f35e1b516d23)
Start importing Assets/Samples/AI Navigation/1.1.3/Build And Connect NavMesh Surfaces/Prefabs/Materials/BanyanBranches.mat using Guid(7186e4ec31ca3459da36b9faf2049a09) Importer(2089858483,0ecaa5967403d082aa24f35e1b516d23) Generated GUIDs only implemented for interfaces!
 -> (artifact id: '9515df65e2a7ab818bf115fd2e2fb08c') in 0.032247 seconds
Number of updated asset objects reloaded before import = 0
Number of asset objects unloaded after import = 1
========================================================================
Received Import Request.
  Time since last request: 0.000021 seconds.
  path: Assets/Samples
  artifactKey: Guid(5f55f99667ac0f24fa3512eae283d406) Importer(2089858483,0ecaa5967403d082aa24f35e1b516d23)
Start importing Assets/Samples using Guid(5f55f99667ac0f24fa3512eae283d406) Importer(2089858483,0ecaa5967403d082aa24f35e1b516d23) Generated GUIDs only implemented for interfaces!
 -> (artifact id: '691252dd6bec25e16ec51ae99f69ca5e') in 0.009112 seconds
Number of updated asset objects reloaded before import = 0
Number of asset objects unloaded after import = 1
========================================================================
Received Import Request.
  Time since last request: 0.000029 seconds.
  path: Assets/Samples/AI Navigation/1.1.3/Build And Connect NavMesh Surfaces/Scenes/1_multiple_agent_sizes
  artifactKey: Guid(b1b14868671104a5ea9d67deed03d64d) Importer(2089858483,0ecaa5967403d082aa24f35e1b516d23)
Start importing Assets/Samples/AI Navigation/1.1.3/Build And Connect NavMesh Surfaces/Scenes/1_multiple_agent_sizes using Guid(b1b14868671104a5ea9d67deed03d64d) Importer(2089858483,0ecaa5967403d082aa24f35e1b516d23) Generated GUIDs only implemented for interfaces!
 -> (artifact id: 'dc3f5ac897cfa6546431ae49d92569ce') in 0.009186 seconds
Number of updated asset objects reloaded before import = 0
Number of asset objects unloaded after import = 1
========================================================================
Received Import Request.
  Time since last request: 0.000020 seconds.
  path: Assets/Samples/AI Navigation/1.1.3/Build And Connect NavMesh Surfaces/Scripts/ProjectSettingsUtilities/Editor/Unity.AI.Navigation.Samples.Initialization.Editor.asmdef
  artifactKey: Guid(1dcde1c83efa6e14e8e75ed67addeba3) Importer(2089858483,0ecaa5967403d082aa24f35e1b516d23)
Start importing Assets/Samples/AI Navigation/1.1.3/Build And Connect NavMesh Surfaces/Scripts/ProjectSettingsUtilities/Editor/Unity.AI.Navigation.Samples.Initialization.Editor.asmdef using Guid(1dcde1c83efa6e14e8e75ed67addeba3) Importer(2089858483,0ecaa5967403d082aa24f35e1b516d23) Generated GUIDs only implemented for interfaces!
 -> (artifact id: 'e3b7cf859ce91e90b1b317d1bbd0cabe') in 0.011581 seconds
Number of updated asset objects reloaded before import = 0
Number of asset objects unloaded after import = 1
========================================================================
Received Import Request.
  Time since last request: 0.000052 seconds.
  path: Assets/Samples/AI Navigation/1.1.3/Build And Connect NavMesh Surfaces/Prefabs/DungeonTiles
  artifactKey: Guid(d45d1e444c46fbf478ccdf15998ea360) Importer(2089858483,0ecaa5967403d082aa24f35e1b516d23)
Start importing Assets/Samples/AI Navigation/1.1.3/Build And Connect NavMesh Surfaces/Prefabs/DungeonTiles using Guid(d45d1e444c46fbf478ccdf15998ea360) Importer(2089858483,0ecaa5967403d082aa24f35e1b516d23) Generated GUIDs only implemented for interfaces!
 -> (artifact id: '4623b435fb9e4985dd4f986abee27ccb') in 0.010247 seconds
Number of updated asset objects reloaded before import = 0
Number of asset objects unloaded after import = 1
========================================================================
Received Import Request.
  Time since last request: 0.000087 seconds.
  path: Assets/Samples/AI Navigation/1.1.3/Build And Connect NavMesh Surfaces/Terrains/LightmapWithFog.png
  artifactKey: Guid(8377171c01a5547358598762f90c022f) Importer(2089858483,0ecaa5967403d082aa24f35e1b516d23)
Start importing Assets/Samples/AI Navigation/1.1.3/Build And Connect NavMesh Surfaces/Terrains/LightmapWithFog.png using Guid(8377171c01a5547358598762f90c022f) Importer(2089858483,0ecaa5967403d082aa24f35e1b516d23) Generated GUIDs only implemented for interfaces!
 -> (artifact id: '5cde77adda0be6f830fca18d63036c38') in 0.055531 seconds
Number of updated asset objects reloaded before import = 0
Number of asset objects unloaded after import = 1
========================================================================
Received Import Request.
  Time since last request: 0.000126 seconds.
  path: Assets/Samples/AI Navigation/1.1.3/Build And Connect NavMesh Surfaces/Prefabs/Plank.prefab
  artifactKey: Guid(c9c7047f49d1a47f8b32b67338d4fc92) Importer(2089858483,0ecaa5967403d082aa24f35e1b516d23)
Start importing Assets/Samples/AI Navigation/1.1.3/Build And Connect NavMesh Surfaces/Prefabs/Plank.prefab using Guid(c9c7047f49d1a47f8b32b67338d4fc92) Importer(2089858483,0ecaa5967403d082aa24f35e1b516d23) Generated GUIDs only implemented for interfaces!
 -> (artifact id: 'c46881fb4e867f9825760e936e895f87') in 0.044916 seconds
Number of updated asset objects reloaded before import = 0
Number of asset objects unloaded after import = 10
========================================================================
Received Import Request.
  Time since last request: 0.000022 seconds.
  path: Assets/Samples/AI Navigation/1.1.3/Build And Connect NavMesh Surfaces/Scenes/7_dungeon/NavMesh-Tile3.asset
  artifactKey: Guid(3d0f05ef2ffa5684c98666f976f85d28) Importer(2089858483,0ecaa5967403d082aa24f35e1b516d23)
Start importing Assets/Samples/AI Navigation/1.1.3/Build And Connect NavMesh Surfaces/Scenes/7_dungeon/NavMesh-Tile3.asset using Guid(3d0f05ef2ffa5684c98666f976f85d28) Importer(2089858483,0ecaa5967403d082aa24f35e1b516d23) Generated GUIDs only implemented for interfaces!
 -> (artifact id: 'ea560d5a33733542c201727994376e75') in 0.010860 seconds
Number of updated asset objects reloaded before import = 0
Number of asset objects unloaded after import = 1
========================================================================
Received Import Request.
  Time since last request: 0.000020 seconds.
  path: Assets/Samples/AI Navigation/1.1.3/Build And Connect NavMesh Surfaces/README.md
  artifactKey: Guid(fc8ae2061accdd44eb6e12956ab840ce) Importer(2089858483,0ecaa5967403d082aa24f35e1b516d23)
Start importing Assets/Samples/AI Navigation/1.1.3/Build And Connect NavMesh Surfaces/README.md using Guid(fc8ae2061accdd44eb6e12956ab840ce) Importer(2089858483,0ecaa5967403d082aa24f35e1b516d23) Generated GUIDs only implemented for interfaces!
 -> (artifact id: 'b05b63ab949598d090b222141b3bdf89') in 0.007151 seconds
Number of updated asset objects reloaded before import = 0
Number of asset objects unloaded after import = 1
========================================================================
Received Import Request.
  Time since last request: 0.000065 seconds.
  path: Assets/Samples/AI Navigation/1.1.3/Build And Connect NavMesh Surfaces/Prefabs/Materials/BanyanBark.mat
  artifactKey: Guid(4013ffb83471c44a99ae39dd19f4bb58) Importer(2089858483,0ecaa5967403d082aa24f35e1b516d23)
Start importing Assets/Samples/AI Navigation/1.1.3/Build And Connect NavMesh Surfaces/Prefabs/Materials/BanyanBark.mat using Guid(4013ffb83471c44a99ae39dd19f4bb58) Importer(2089858483,0ecaa5967403d082aa24f35e1b516d23) Generated GUIDs only implemented for interfaces!
 -> (artifact id: '4f509bb1e9c08edab67a94b88505a53c') in 0.014019 seconds
Number of updated asset objects reloaded before import = 0
Number of asset objects unloaded after import = 1
========================================================================
Received Import Request.
  Time since last request: 0.000024 seconds.
  path: Assets/Samples/AI Navigation/1.1.3/Build And Connect NavMesh Surfaces/Prefabs/BanyanTree.fbx
  artifactKey: Guid(0015d5d487e6b4c51b6be43a47511ed9) Importer(2089858483,0ecaa5967403d082aa24f35e1b516d23)
Start importing Assets/Samples/AI Navigation/1.1.3/Build And Connect NavMesh Surfaces/Prefabs/BanyanTree.fbx using Guid(0015d5d487e6b4c51b6be43a47511ed9) Importer(2089858483,0ecaa5967403d082aa24f35e1b516d23) Generated GUIDs only implemented for interfaces!
 -> (artifact id: 'f2b317d2e7c0164c77ee1b18e1444b9a') in 0.042091 seconds
Number of updated asset objects reloaded before import = 0
Number of asset objects unloaded after import = 9
========================================================================
Received Import Request.
  Time since last request: 0.000026 seconds.
  path: Assets/SimpleApocalypse/Models/Props/SA_Prop_FenceWoodL_Gate_01_Convex 1.asset
  artifactKey: Guid(e97d834ea653eb94fad1642ecc340eee) Importer(2089858483,0ecaa5967403d082aa24f35e1b516d23)
Start importing Assets/SimpleApocalypse/Models/Props/SA_Prop_FenceWoodL_Gate_01_Convex 1.asset using Guid(e97d834ea653eb94fad1642ecc340eee) Importer(2089858483,0ecaa5967403d082aa24f35e1b516d23) Generated GUIDs only implemented for interfaces!
 -> (artifact id: '849c3850fd86bfab058f004cc746b3b9') in 0.018440 seconds
Number of updated asset objects reloaded before import = 0
Number of asset objects unloaded after import = 1
========================================================================
Received Import Request.
  Time since last request: 0.000024 seconds.
  path: Assets/SimpleApocalypse/Models/Props/SA_Prop_BeerKeg_01_Convex.asset
  artifactKey: Guid(fd7105104339aef449231ecd606d67c5) Importer(2089858483,0ecaa5967403d082aa24f35e1b516d23)
Start importing Assets/SimpleApocalypse/Models/Props/SA_Prop_BeerKeg_01_Convex.asset using Guid(fd7105104339aef449231ecd606d67c5) Importer(2089858483,0ecaa5967403d082aa24f35e1b516d23) Generated GUIDs only implemented for interfaces!
 -> (artifact id: '12344fc66194c2f96a094ef728e0c057') in 0.013574 seconds
Number of updated asset objects reloaded before import = 0
Number of asset objects unloaded after import = 1
========================================================================
Received Import Request.
  Time since last request: 0.000020 seconds.
  path: Assets/Prefab/Enemies/Standard
  artifactKey: Guid(ccbdc1d48b3541a4db76d14e2f87ada3) Importer(2089858483,0ecaa5967403d082aa24f35e1b516d23)
Start importing Assets/Prefab/Enemies/Standard using Guid(ccbdc1d48b3541a4db76d14e2f87ada3) Importer(2089858483,0ecaa5967403d082aa24f35e1b516d23) Generated GUIDs only implemented for interfaces!
 -> (artifact id: 'c3ae28bc0855ed8d756baf4d6813cbbd') in 0.010959 seconds
Number of updated asset objects reloaded before import = 0
Number of asset objects unloaded after import = 1
========================================================================
Received Import Request.
  Time since last request: 0.000179 seconds.
  path: Assets/Samples/AI Navigation/1.1.3/Build And Connect NavMesh Surfaces/Terrains/layer_LightmapWithFog(2048.000,2048.000)(0.000,0.000)(0.000,0.000,0.000),0.000,0.000.terrainlayer
  artifactKey: Guid(9f4e51767bd6244418c3f1234ffeac48) Importer(2089858483,0ecaa5967403d082aa24f35e1b516d23)
Start importing Assets/Samples/AI Navigation/1.1.3/Build And Connect NavMesh Surfaces/Terrains/layer_LightmapWithFog(2048.000,2048.000)(0.000,0.000)(0.000,0.000,0.000),0.000,0.000.terrainlayer using Guid(9f4e51767bd6244418c3f1234ffeac48) Importer(2089858483,0ecaa5967403d082aa24f35e1b516d23) Generated GUIDs only implemented for interfaces!
 -> (artifact id: '22a7115bd1903e5c69bea58d159923a0') in 0.016927 seconds
Number of updated asset objects reloaded before import = 0
Number of asset objects unloaded after import = 2
========================================================================
Received Import Request.
  Time since last request: 0.000018 seconds.
  path: Assets/SimpleApocalypse/Prefabs/Props/SA_Prop_SpikeSmall_01.prefab
  artifactKey: Guid(00ca3b38d83f2a546bfbc9657e93ac49) Importer(2089858483,0ecaa5967403d082aa24f35e1b516d23)
Start importing Assets/SimpleApocalypse/Prefabs/Props/SA_Prop_SpikeSmall_01.prefab using Guid(00ca3b38d83f2a546bfbc9657e93ac49) Importer(2089858483,0ecaa5967403d082aa24f35e1b516d23) Generated GUIDs only implemented for interfaces!
 -> (artifact id: 'd0d721a75cb2e80f317d2f73067fd84f') in 0.024060 seconds
Number of updated asset objects reloaded before import = 0
Number of asset objects unloaded after import = 9
========================================================================
Received Import Request.
  Time since last request: 0.000019 seconds.
  path: Assets/SimpleApocalypse/Models/Props/SA_Prop_Tree_05_Convex 1.asset
  artifactKey: Guid(7e02d8416069c0447862e883081c8da8) Importer(2089858483,0ecaa5967403d082aa24f35e1b516d23)
Start importing Assets/SimpleApocalypse/Models/Props/SA_Prop_Tree_05_Convex 1.asset using Guid(7e02d8416069c0447862e883081c8da8) Importer(2089858483,0ecaa5967403d082aa24f35e1b516d23) Generated GUIDs only implemented for interfaces!
 -> (artifact id: '32f3519580981ba253bd8fcc7fa73389') in 0.012963 seconds
Number of updated asset objects reloaded before import = 0
Number of asset objects unloaded after import = 1
========================================================================
Received Import Request.
  Time since last request: 0.000027 seconds.
  path: Assets/SimpleApocalypse/Prefabs/Props/SA_Prop_WashingLine_02.prefab
  artifactKey: Guid(f4f64690d3aba6346936cf96cee11127) Importer(2089858483,0ecaa5967403d082aa24f35e1b516d23)
Start importing Assets/SimpleApocalypse/Prefabs/Props/SA_Prop_WashingLine_02.prefab using Guid(f4f64690d3aba6346936cf96cee11127) Importer(2089858483,0ecaa5967403d082aa24f35e1b516d23) Generated GUIDs only implemented for interfaces!
 -> (artifact id: 'ad14da1e2e5fd9c9353b223b5bcde664') in 0.015115 seconds
Number of updated asset objects reloaded before import = 0
Number of asset objects unloaded after import = 9
========================================================================
Received Import Request.
  Time since last request: 0.000017 seconds.
  path: Assets/SimpleApocalypse/Prefabs/Characters/Zombies/SA_Zombie_Pimp.prefab
  artifactKey: Guid(aea60f95e48ea874da1cd93b8e9b4db5) Importer(2089858483,0ecaa5967403d082aa24f35e1b516d23)
Start importing Assets/SimpleApocalypse/Prefabs/Characters/Zombies/SA_Zombie_Pimp.prefab using Guid(aea60f95e48ea874da1cd93b8e9b4db5) Importer(2089858483,0ecaa5967403d082aa24f35e1b516d23) Generated GUIDs only implemented for interfaces!
 -> (artifact id: 'e7c8a51b6cf86bab444af19e76be724b') in 0.029246 seconds
Number of updated asset objects reloaded before import = 0
Number of asset objects unloaded after import = 258
========================================================================
Received Import Request.
  Time since last request: 0.000022 seconds.
  path: Assets/SimpleApocalypse/Prefabs/Props/SA_Prop_Sleepingbag_Open_01.prefab
  artifactKey: Guid(c1540a79f31b40f4a9dc5ad392b02fa0) Importer(2089858483,0ecaa5967403d082aa24f35e1b516d23)
Start importing Assets/SimpleApocalypse/Prefabs/Props/SA_Prop_Sleepingbag_Open_01.prefab using Guid(c1540a79f31b40f4a9dc5ad392b02fa0) Importer(2089858483,0ecaa5967403d082aa24f35e1b516d23) Generated GUIDs only implemented for interfaces!
 -> (artifact id: 'a19dcdc6c97010f26a509aeb6cba4509') in 0.018649 seconds
Number of updated asset objects reloaded before import = 0
Number of asset objects unloaded after import = 9
========================================================================
Received Import Request.
  Time since last request: 0.000025 seconds.
  path: Assets/SimpleApocalypse/Prefabs/Props/SA_Prop_BurntBody_04.prefab
  artifactKey: Guid(dcbf4ed6108df584da4ae01a528942b4) Importer(2089858483,0ecaa5967403d082aa24f35e1b516d23)
Start importing Assets/SimpleApocalypse/Prefabs/Props/SA_Prop_BurntBody_04.prefab using Guid(dcbf4ed6108df584da4ae01a528942b4) Importer(2089858483,0ecaa5967403d082aa24f35e1b516d23) Generated GUIDs only implemented for interfaces!
 -> (artifact id: '98a9282a34fd001c63b1b7617ecb89fe') in 0.017246 seconds
Number of updated asset objects reloaded before import = 0
Number of asset objects unloaded after import = 9
========================================================================
Received Import Request.
  Time since last request: 0.000071 seconds.
  path: Assets/SimpleApocalypse/Prefabs/Props/SA_Prop_Litter_08.prefab
  artifactKey: Guid(599439845f1a70a439f6c69bba28ca96) Importer(2089858483,0ecaa5967403d082aa24f35e1b516d23)
Start importing Assets/SimpleApocalypse/Prefabs/Props/SA_Prop_Litter_08.prefab using Guid(599439845f1a70a439f6c69bba28ca96) Importer(2089858483,0ecaa5967403d082aa24f35e1b516d23) Generated GUIDs only implemented for interfaces!
 -> (artifact id: '6be7444100b266f48a401e4ced79e1e1') in 0.014063 seconds
Number of updated asset objects reloaded before import = 0
Number of asset objects unloaded after import = 9
========================================================================
Received Import Request.
  Time since last request: 0.000031 seconds.
  path: Assets/SimpleApocalypse/Models/Items/SA_Item_Ammo_Minigun_Convex.asset
  artifactKey: Guid(5577647b91e0d81438a8ff76f449dd75) Importer(2089858483,0ecaa5967403d082aa24f35e1b516d23)
Start importing Assets/SimpleApocalypse/Models/Items/SA_Item_Ammo_Minigun_Convex.asset using Guid(5577647b91e0d81438a8ff76f449dd75) Importer(2089858483,0ecaa5967403d082aa24f35e1b516d23) Generated GUIDs only implemented for interfaces!
 -> (artifact id: 'f47b1544cb5a59bf7d8e9c93644eb0c8') in 0.008872 seconds
Number of updated asset objects reloaded before import = 0
Number of asset objects unloaded after import = 1
========================================================================
Received Import Request.
  Time since last request: 0.000095 seconds.
  path: Assets/SimpleApocalypse/Models/Environment/SA_Env_Concrete_Convex.asset
  artifactKey: Guid(cfd2dd401ea217646a3dc13b0ec81068) Importer(2089858483,0ecaa5967403d082aa24f35e1b516d23)
Start importing Assets/SimpleApocalypse/Models/Environment/SA_Env_Concrete_Convex.asset using Guid(cfd2dd401ea217646a3dc13b0ec81068) Importer(2089858483,0ecaa5967403d082aa24f35e1b516d23) Generated GUIDs only implemented for interfaces!
 -> (artifact id: '20e82bb5fe50abf2f6fe2bec0c27be52') in 0.021286 seconds
Number of updated asset objects reloaded before import = 0
Number of asset objects unloaded after import = 1
========================================================================
Received Import Request.
  Time since last request: 0.000067 seconds.
  path: Assets/SimpleApocalypse/Models/Environment/SA_Env_Campsite_01_Convex.asset
  artifactKey: Guid(0390598f4cccfc146ab4576c3ee2d40a) Importer(2089858483,0ecaa5967403d082aa24f35e1b516d23)
Start importing Assets/SimpleApocalypse/Models/Environment/SA_Env_Campsite_01_Convex.asset using Guid(0390598f4cccfc146ab4576c3ee2d40a) Importer(2089858483,0ecaa5967403d082aa24f35e1b516d23) Generated GUIDs only implemented for interfaces!
 -> (artifact id: '17e269e564b5f3a02391e5ca572e8c67') in 0.019972 seconds
Number of updated asset objects reloaded before import = 0
Number of asset objects unloaded after import = 1
========================================================================
Received Import Request.
  Time since last request: 0.000024 seconds.
  path: Assets/SimpleApocalypse/Materials/Characters/SA_Character_FemalePyro.mat
  artifactKey: Guid(2e4689a309edb8444b920d28c9b1ecd0) Importer(2089858483,0ecaa5967403d082aa24f35e1b516d23)
Start importing Assets/SimpleApocalypse/Materials/Characters/SA_Character_FemalePyro.mat using Guid(2e4689a309edb8444b920d28c9b1ecd0) Importer(2089858483,0ecaa5967403d082aa24f35e1b516d23) Generated GUIDs only implemented for interfaces!
 -> (artifact id: 'a0cc80d8c066d57ab039c378e12d1659') in 0.015699 seconds
Number of updated asset objects reloaded before import = 0
Number of asset objects unloaded after import = 2
========================================================================
Received Import Request.
  Time since last request: 0.000017 seconds.
  path: Assets/SimpleApocalypse/Prefabs/Props/SA_Prop_PizzaBox_02.prefab
  artifactKey: Guid(81c993788b180b942bc4c271302d5cfb) Importer(2089858483,0ecaa5967403d082aa24f35e1b516d23)
Start importing Assets/SimpleApocalypse/Prefabs/Props/SA_Prop_PizzaBox_02.prefab using Guid(81c993788b180b942bc4c271302d5cfb) Importer(2089858483,0ecaa5967403d082aa24f35e1b516d23) Generated GUIDs only implemented for interfaces!
 -> (artifact id: '8d49c53aeb72289e2debebc3af3d3d03') in 0.019214 seconds
Number of updated asset objects reloaded before import = 0
Number of asset objects unloaded after import = 9
========================================================================
Received Import Request.
  Time since last request: 0.000017 seconds.
  path: Assets/SimpleApocalypse/Prefabs/Weapons/SA_Wep_Crowbar.prefab
  artifactKey: Guid(0b0093c197978fc449e4eca5e45b130b) Importer(2089858483,0ecaa5967403d082aa24f35e1b516d23)
Start importing Assets/SimpleApocalypse/Prefabs/Weapons/SA_Wep_Crowbar.prefab using Guid(0b0093c197978fc449e4eca5e45b130b) Importer(2089858483,0ecaa5967403d082aa24f35e1b516d23) Generated GUIDs only implemented for interfaces!
 -> (artifact id: '50e1330b0593a5363582debbeb27ee18') in 0.026203 seconds
Number of updated asset objects reloaded before import = 0
Number of asset objects unloaded after import = 9
========================================================================
Received Import Request.
  Time since last request: 0.000022 seconds.
  path: Assets/SimpleApocalypse/Prefabs/Props/SA_Prop_AmmoPile_XL_01.prefab
  artifactKey: Guid(7671ea9396147a74b92616bd74a736dc) Importer(2089858483,0ecaa5967403d082aa24f35e1b516d23)
Start importing Assets/SimpleApocalypse/Prefabs/Props/SA_Prop_AmmoPile_XL_01.prefab using Guid(7671ea9396147a74b92616bd74a736dc) Importer(2089858483,0ecaa5967403d082aa24f35e1b516d23) Generated GUIDs only implemented for interfaces!
 -> (artifact id: '3a2dc7950773e88049fb8e6f3a02e544') in 0.017124 seconds
Number of updated asset objects reloaded before import = 0
Number of asset objects unloaded after import = 9
========================================================================
Received Import Request.
  Time since last request: 0.000017 seconds.
  path: Assets/SimpleApocalypse/Models/Props/SA_Prop_TreeAutumn_02_Convex 1.asset
  artifactKey: Guid(09775896d95907742bb9cde4c8e48ce4) Importer(2089858483,0ecaa5967403d082aa24f35e1b516d23)
Start importing Assets/SimpleApocalypse/Models/Props/SA_Prop_TreeAutumn_02_Convex 1.asset using Guid(09775896d95907742bb9cde4c8e48ce4) Importer(2089858483,0ecaa5967403d082aa24f35e1b516d23) Generated GUIDs only implemented for interfaces!
 -> (artifact id: '333a9b2e8e2daf5267b8e53c1bfac577') in 0.010792 seconds
Number of updated asset objects reloaded before import = 0
Number of asset objects unloaded after import = 1
========================================================================
Received Import Request.
  Time since last request: 0.000147 seconds.
  path: Assets/SimpleApocalypse/Models/Buildings/SA_Bld_PowerLineLarge_Defended_01_Convex 1.asset
  artifactKey: Guid(6df45caca1b5e9f49a04d3c634df2826) Importer(2089858483,0ecaa5967403d082aa24f35e1b516d23)
Start importing Assets/SimpleApocalypse/Models/Buildings/SA_Bld_PowerLineLarge_Defended_01_Convex 1.asset using Guid(6df45caca1b5e9f49a04d3c634df2826) Importer(2089858483,0ecaa5967403d082aa24f35e1b516d23) Generated GUIDs only implemented for interfaces!
 -> (artifact id: 'a5623f7125ebe825c3a64efb56bac052') in 0.011581 seconds
Number of updated asset objects reloaded before import = 0
Number of asset objects unloaded after import = 1
========================================================================
Received Import Request.
  Time since last request: 0.000081 seconds.
  path: Assets/SimpleApocalypse/Prefabs/Props/SA_Prop_StreetLamp_Damaged_03.prefab
  artifactKey: Guid(98fabd1ae34417d42964e0e7785dbd4a) Importer(2089858483,0ecaa5967403d082aa24f35e1b516d23)
Start importing Assets/SimpleApocalypse/Prefabs/Props/SA_Prop_StreetLamp_Damaged_03.prefab using Guid(98fabd1ae34417d42964e0e7785dbd4a) Importer(2089858483,0ecaa5967403d082aa24f35e1b516d23) Generated GUIDs only implemented for interfaces!
 -> (artifact id: '9f9092582ee6118c3dcdaa7fdc7e72d2') in 0.017843 seconds
Number of updated asset objects reloaded before import = 0
Number of asset objects unloaded after import = 13
========================================================================
Received Import Request.
  Time since last request: 0.000015 seconds.
  path: Assets/SimpleApocalypse/Prefabs/Props/SA_Prop_Citywall_02.prefab
  artifactKey: Guid(fed058be1ecfa784f9a04aace6dbf836) Importer(2089858483,0ecaa5967403d082aa24f35e1b516d23)
Start importing Assets/SimpleApocalypse/Prefabs/Props/SA_Prop_Citywall_02.prefab using Guid(fed058be1ecfa784f9a04aace6dbf836) Importer(2089858483,0ecaa5967403d082aa24f35e1b516d23) Generated GUIDs only implemented for interfaces!
 -> (artifact id: '149d63a1a8cbf1f63ca3c2bf461dda86') in 0.019992 seconds
Number of updated asset objects reloaded before import = 0
Number of asset objects unloaded after import = 9
========================================================================
Received Import Request.
  Time since last request: 0.000019 seconds.
  path: Assets/SimpleApocalypse/Models/Props/SA_Prop_Fridge_Damaged_02_Convex.asset
  artifactKey: Guid(7771df17fead54b4b88a92c17a9365e3) Importer(2089858483,0ecaa5967403d082aa24f35e1b516d23)
Start importing Assets/SimpleApocalypse/Models/Props/SA_Prop_Fridge_Damaged_02_Convex.asset using Guid(7771df17fead54b4b88a92c17a9365e3) Importer(2089858483,0ecaa5967403d082aa24f35e1b516d23) Generated GUIDs only implemented for interfaces!
 -> (artifact id: '35741cb1f50f69cef1a1103a01a142d6') in 0.013006 seconds
Number of updated asset objects reloaded before import = 0
Number of asset objects unloaded after import = 1
========================================================================
Received Import Request.
  Time since last request: 0.000074 seconds.
  path: Assets/Samples/AI Navigation/1.1.3/Build And Connect NavMesh Surfaces/Scenes/6_modify_meshSettings.lighting
  artifactKey: Guid(613ed4ed64e81e541a2a4a44a102eb78) Importer(2089858483,0ecaa5967403d082aa24f35e1b516d23)
Start importing Assets/Samples/AI Navigation/1.1.3/Build And Connect NavMesh Surfaces/Scenes/6_modify_meshSettings.lighting using Guid(613ed4ed64e81e541a2a4a44a102eb78) Importer(2089858483,0ecaa5967403d082aa24f35e1b516d23) LightingSettings: switching bake backend from 1 to 0.
Generated GUIDs only implemented for interfaces!
 -> (artifact id: 'dff5ba0b94726d7202dfa7be10e98f02') in 0.025297 seconds
Number of updated asset objects reloaded before import = 0
Number of asset objects unloaded after import = 1
========================================================================
Received Import Request.
  Time since last request: 0.000023 seconds.
  path: Assets/SimpleApocalypse/Prefabs/Weapons/SA_Wep_StrikerShotgun.prefab
  artifactKey: Guid(8b41e2b836bef7948aeb787fdc5f5fcb) Importer(2089858483,0ecaa5967403d082aa24f35e1b516d23)
Start importing Assets/SimpleApocalypse/Prefabs/Weapons/SA_Wep_StrikerShotgun.prefab using Guid(8b41e2b836bef7948aeb787fdc5f5fcb) Importer(2089858483,0ecaa5967403d082aa24f35e1b516d23) Generated GUIDs only implemented for interfaces!
 -> (artifact id: 'd05feceb4f6a67800eea0145fa844913') in 0.016595 seconds
Number of updated asset objects reloaded before import = 0
Number of asset objects unloaded after import = 34
========================================================================
Received Import Request.
  Time since last request: 0.000023 seconds.
  path: Assets/SimpleApocalypse/Prefabs/Environment/SA_Env_Highway_Broken_04.prefab
  artifactKey: Guid(1b05158d172bba9499a0453f842ce155) Importer(2089858483,0ecaa5967403d082aa24f35e1b516d23)
Start importing Assets/SimpleApocalypse/Prefabs/Environment/SA_Env_Highway_Broken_04.prefab using Guid(1b05158d172bba9499a0453f842ce155) Importer(2089858483,0ecaa5967403d082aa24f35e1b516d23) Generated GUIDs only implemented for interfaces!
 -> (artifact id: '1c2024b6b0638bc1fd1a8bb39e439cf3') in 0.019346 seconds
Number of updated asset objects reloaded before import = 0
Number of asset objects unloaded after import = 8
========================================================================
Received Import Request.
  Time since last request: 0.000019 seconds.
  path: Assets/SimpleApocalypse/Prefabs/Props/SA_Prop_TreeAutumn_04.prefab
  artifactKey: Guid(baa1bf63206c4f44889caca4239fc7f8) Importer(2089858483,0ecaa5967403d082aa24f35e1b516d23)
Start importing Assets/SimpleApocalypse/Prefabs/Props/SA_Prop_TreeAutumn_04.prefab using Guid(baa1bf63206c4f44889caca4239fc7f8) Importer(2089858483,0ecaa5967403d082aa24f35e1b516d23) Generated GUIDs only implemented for interfaces!
 -> (artifact id: '5a2b01774483161f5eba613c67a854a2') in 0.026182 seconds
Number of updated asset objects reloaded before import = 0
Number of asset objects unloaded after import = 11
========================================================================
Received Import Request.
  Time since last request: 0.000017 seconds.
  path: Assets/Scripts/PlayerNavMesh.cs
  artifactKey: Guid(a35a0b807bd44e54da871e8c66a79225) Importer(2089858483,0ecaa5967403d082aa24f35e1b516d23)
Start importing Assets/Scripts/PlayerNavMesh.cs using Guid(a35a0b807bd44e54da871e8c66a79225) Importer(2089858483,0ecaa5967403d082aa24f35e1b516d23) Generated GUIDs only implemented for interfaces!
 -> (artifact id: '7dec27c590093b014cd13a04820b6417') in 0.015176 seconds
Number of updated asset objects reloaded before import = 0
Number of asset objects unloaded after import = 1
========================================================================
Received Import Request.
  Time since last request: 11.508283 seconds.
  path: Assets/SimpleApocalypse/Prefabs/Characters/Characters/SA_Character_FarmerSurvivor.prefab
  artifactKey: Guid(a23df827e2c28b044a18d385b58ce3f7) Importer(2089858483,0ecaa5967403d082aa24f35e1b516d23)
Start importing Assets/SimpleApocalypse/Prefabs/Characters/Characters/SA_Character_FarmerSurvivor.prefab using Guid(a23df827e2c28b044a18d385b58ce3f7) Importer(2089858483,0ecaa5967403d082aa24f35e1b516d23) Generated GUIDs only implemented for interfaces!
 -> (artifact id: '9ef1880d0002b118101b97752c9d91d1') in 0.045862 seconds
Number of updated asset objects reloaded before import = 0
Number of asset objects unloaded after import = 600
========================================================================
Received Import Request.
  Time since last request: 0.000024 seconds.
  path: Assets/SimpleApocalypse/Prefabs/Characters/Characters/SA_Character_MaleSurvivorHunter.prefab
  artifactKey: Guid(466a02f764f02a8468e89c0c6b4a077d) Importer(2089858483,0ecaa5967403d082aa24f35e1b516d23)
Start importing Assets/SimpleApocalypse/Prefabs/Characters/Characters/SA_Character_MaleSurvivorHunter.prefab using Guid(466a02f764f02a8468e89c0c6b4a077d) Importer(2089858483,0ecaa5967403d082aa24f35e1b516d23) Generated GUIDs only implemented for interfaces!
 -> (artifact id: 'c207fccc0c91761b06e541793fb3c9f2') in 0.051650 seconds
Number of updated asset objects reloaded before import = 0
Number of asset objects unloaded after import = 600
========================================================================
Received Import Request.
  Time since last request: 0.000026 seconds.
  path: Assets/SimpleApocalypse/Prefabs/Characters/Characters/SA_Character_Doctor.prefab
  artifactKey: Guid(ba339b8abf10f314e9abfaa02daf88e3) Importer(2089858483,0ecaa5967403d082aa24f35e1b516d23)
Start importing Assets/SimpleApocalypse/Prefabs/Characters/Characters/SA_Character_Doctor.prefab using Guid(ba339b8abf10f314e9abfaa02daf88e3) Importer(2089858483,0ecaa5967403d082aa24f35e1b516d23) Generated GUIDs only implemented for interfaces!
 -> (artifact id: 'd79f1cde23f3e9b87f50d2cb0e9c02f9') in 0.037609 seconds
Number of updated asset objects reloaded before import = 0
Number of asset objects unloaded after import = 600
========================================================================
Received Import Request.
  Time since last request: 15.683943 seconds.
  path: Assets/Samples/AI Navigation/1.1.3/Build And Connect NavMesh Surfaces/Materials/red.mat
  artifactKey: Guid(5195427c0d27644ed90d87ebe86d468a) Importer(2089858483,0ecaa5967403d082aa24f35e1b516d23)
Start importing Assets/Samples/AI Navigation/1.1.3/Build And Connect NavMesh Surfaces/Materials/red.mat using Guid(5195427c0d27644ed90d87ebe86d468a) Importer(2089858483,0ecaa5967403d082aa24f35e1b516d23) Generated GUIDs only implemented for interfaces!
 -> (artifact id: '0efdd228a7eb086bd1a0d1dca9243680') in 0.017659 seconds
Number of updated asset objects reloaded before import = 0
Number of asset objects unloaded after import = 1
========================================================================
Received Prepare
Begin MonoManager ReloadAssembly
Symbol file LoadedFromMemory doesn't match image C:\Users\Andrea Stelliferi\Documents\GitHub\FPAIV2023\Pro Shoot'o Survive\Library\PackageCache\com.unity.visualscripting@1.8.0\Editor\VisualScripting.Core\Dependencies\YamlDotNet\Unity.VisualScripting.YamlDotNet.dll
Symbol file LoadedFromMemory doesn't match image C:\Users\Andrea Stelliferi\Documents\GitHub\FPAIV2023\Pro Shoot'o Survive\Library\PackageCache\com.unity.visualscripting@1.8.0\Editor\VisualScripting.Core\Dependencies\DotNetZip\Unity.VisualScripting.IonicZip.dll
- Loaded All Assemblies, in  0.594 seconds
Refreshing native plugins compatible for Editor in 2.59 ms, found 3 plugins.
Native extension for WindowsStandalone target not found
Mono: successfully reloaded assembly
- Finished resetting the current domain, in  0.922 seconds
Domain Reload Profiling: 1512ms
	BeginReloadAssembly (125ms)
		ExecutionOrderSort (0ms)
		DisableScriptedObjects (3ms)
		BackupInstance (0ms)
		ReleaseScriptingObjects (0ms)
		CreateAndSetChildDomain (40ms)
	RebuildCommonClasses (26ms)
	RebuildNativeTypeToScriptingClass (10ms)
	initialDomainReloadingComplete (25ms)
	LoadAllAssembliesAndSetupDomain (403ms)
		LoadAssemblies (232ms)
		RebuildTransferFunctionScriptingTraits (0ms)
		AnalyzeDomain (221ms)
			TypeCache.Refresh (209ms)
				TypeCache.ScanAssembly (199ms)
			ScanForSourceGeneratedMonoScriptInfo (0ms)
			ResolveRequiredComponents (11ms)
	FinalizeReload (922ms)
		ReleaseScriptCaches (0ms)
		RebuildScriptCaches (0ms)
		SetupLoadedEditorAssemblies (444ms)
			LogAssemblyErrors (0ms)
			InitializePlatformSupportModulesInManaged (6ms)
			SetLoadedEditorAssemblies (4ms)
			RefreshPlugins (0ms)
			BeforeProcessingInitializeOnLoad (112ms)
			ProcessInitializeOnLoadAttributes (248ms)
			ProcessInitializeOnLoadMethodAttributes (70ms)
			AfterProcessingInitializeOnLoad (5ms)
			EditorAssembliesLoaded (0ms)
		ExecutionOrderSort2 (0ms)
		AwakeInstancesAfterBackupRestoration (20ms)
Refreshing native plugins compatible for Editor in 4.29 ms, found 3 plugins.
Preloading 0 native plugins for Editor in 0.00 ms.
Unloading 4812 Unused Serialized files (Serialized files now loaded: 0)
Unloading 49 unused Assets / (0.7 MB). Loaded Objects now: 5411.
Memory consumption went from 174.9 MB to 174.2 MB.
Total: 4.682400 ms (FindLiveObjects: 0.366500 ms CreateObjectMapping: 0.319800 ms MarkObjects: 3.581300 ms  DeleteObjects: 0.413500 ms)

Prepare: number of updated asset objects reloaded= 0
AssetImportParameters requested are different than current active one (requested -> active):
  custom:container-demuxer-ogg: 62fdf1f143b41e24485cea50d1cbac27 -> 
  custom:video-decoder-ogg-theora: a1e56fd34408186e4bbccfd4996cb3dc -> 
  custom:framework-win-MediaFoundation: 216162199b28c13a410421893ffa2e32 -> 
  custom:container-demuxer-webm: 4f35f7cbe854078d1ac9338744f61a02 -> 
  custom:container-muxer-webm: aa71ff27fc2769a1b78a27578f13a17b -> 
  custom:video-decoder-webm-vp8: 9c59270c3fd7afecdb556c50c9e8de78 -> 
  custom:AudioImporter_EditorPlatform: d09bf68614088b80899f8185d706f6e7 -> 
  custom:video-encoder-webm-vp8: eb34c28f22e8b96e1ab97ce403110664 -> 
  custom:audio-decoder-ogg-vorbis: bf7c407c2cedff20999df2af8eb42d56 -> 
  custom:audio-encoder-webm-vorbis: bf7c407c2cedff20999df2af8eb42d56 -> 
Editor requested this worker to shutdown with reason: Scaling down because of idle timeout
TcpMessagingSession - receive error: operation aborted. errorcode: 995, details: Operazione di I/O terminata a causa dell'uscita dal thread oppure della richiesta di un'applicazione.
AssetImportWorker is now disconnected from the server
Process exiting
Exiting without the bug reporter. Application will terminate with return code 0